ERROR - 2022-01-27 02:55:19 --> Email: sendWithSmtp throwed fsockopen(): SSL operation failed with code 1. OpenSSL Error messages:
error:1408F10B:SSL routines:ssl3_get_record:wrong version number
ERROR - 2022-01-27 02:55:30 --> Email: sendWithSmtp throwed fsockopen(): SSL operation failed with code 1. OpenSSL Error messages:
error:1408F10B:SSL routines:ssl3_get_record:wrong version number
ERROR - 2022-01-27 03:27:29 --> Email: sendWithSmtp throwed fsockopen(): SSL operation failed with code 1. OpenSSL Error messages:
error:1408F10B:SSL routines:ssl3_get_record:wrong version number
ERROR - 2022-01-27 04:03:43 --> Email: sendWithSmtp throwed fsockopen(): SSL operation failed with code 1. OpenSSL Error messages:
error:1408F10B:SSL routines:ssl3_get_record:wrong version number
CRITICAL - 2022-01-27 04:11:57 --> Call to a member function send() on null
#0 /var/www/html/system/CodeIgniter.php(824): App\Controllers\UserController->operation()
#1 /var/www/html/system/CodeIgniter.php(410): CodeIgniter\CodeIgniter->runController(Object(App\Controllers\UserController))
#2 /var/www/html/system/CodeIgniter.php(318): CodeIgniter\CodeIgniter->handleRequest(NULL, Object(Config\Cache), false)
#3 /var/www/html/public/index.php(38): CodeIgniter\CodeIgniter->run()
#4 {main}
ERROR - 2022-01-27 04:14:53 --> Email: sendWithSmtp throwed fsockopen(): SSL operation failed with code 1. OpenSSL Error messages:
error:1408F10B:SSL routines:ssl3_get_record:wrong version number
ERROR - 2022-01-27 04:14:55 --> Email: sendWithSmtp throwed fsockopen(): SSL operation failed with code 1. OpenSSL Error messages:
error:1408F10B:SSL routines:ssl3_get_record:wrong version number
ERROR - 2022-01-27 04:16:56 --> Email: sendWithSmtp throwed fsockopen(): SSL operation failed with code 1. OpenSSL Error messages:
error:1408F10B:SSL routines:ssl3_get_record:wrong version number
ERROR - 2022-01-27 04:16:58 --> Email: sendWithSmtp throwed fsockopen(): SSL operation failed with code 1. OpenSSL Error messages:
error:1408F10B:SSL routines:ssl3_get_record:wrong version number
ERROR - 2022-01-27 04:18:46 --> Email: sendWithSmtp throwed fsockopen(): SSL operation failed with code 1. OpenSSL Error messages:
error:1408F10B:SSL routines:ssl3_get_record:wrong version number
CRITICAL - 2022-01-27 05:04:02 --> syntax error, unexpected 'foreach' (T_FOREACH)
#0 /var/www/html/system/Autoloader/Autoloader.php(241): CodeIgniter\Autoloader\Autoloader->includeFile('/var/www/html/a...')
#1 /var/www/html/system/Autoloader/Autoloader.php(219): CodeIgniter\Autoloader\Autoloader->loadInNamespace('App\\Controllers...')
#2 [internal function]: CodeIgniter\Autoloader\Autoloader->loadClass('App\\Controllers...')
#3 [internal function]: spl_autoload_call('App\\Controllers...')
#4 /var/www/html/system/CodeIgniter.php(789): class_exists('\\App\\Controller...', true)
#5 /var/www/html/system/CodeIgniter.php(397): CodeIgniter\CodeIgniter->startController()
#6 /var/www/html/system/CodeIgniter.php(318): CodeIgniter\CodeIgniter->handleRequest(NULL, Object(Config\Cache), false)
#7 /var/www/html/public/index.php(38): CodeIgniter\CodeIgniter->run()
#8 {main}
CRITICAL - 2022-01-27 05:04:23 --> syntax error, unexpected 'foreach' (T_FOREACH)
#0 /var/www/html/system/Autoloader/Autoloader.php(241): CodeIgniter\Autoloader\Autoloader->includeFile('/var/www/html/a...')
#1 /var/www/html/system/Autoloader/Autoloader.php(219): CodeIgniter\Autoloader\Autoloader->loadInNamespace('App\\Controllers...')
#2 [internal function]: CodeIgniter\Autoloader\Autoloader->loadClass('App\\Controllers...')
#3 [internal function]: spl_autoload_call('App\\Controllers...')
#4 /var/www/html/system/CodeIgniter.php(789): class_exists('\\App\\Controller...', true)
#5 /var/www/html/system/CodeIgniter.php(397): CodeIgniter\CodeIgniter->startController()
#6 /var/www/html/system/CodeIgniter.php(318): CodeIgniter\CodeIgniter->handleRequest(NULL, Object(Config\Cache), false)
#7 /var/www/html/public/index.php(38): CodeIgniter\CodeIgniter->run()
#8 {main}
CRITICAL - 2022-01-27 05:04:25 --> syntax error, unexpected 'foreach' (T_FOREACH)
#0 /var/www/html/system/Autoloader/Autoloader.php(241): CodeIgniter\Autoloader\Autoloader->includeFile('/var/www/html/a...')
#1 /var/www/html/system/Autoloader/Autoloader.php(219): CodeIgniter\Autoloader\Autoloader->loadInNamespace('App\\Controllers...')
#2 [internal function]: CodeIgniter\Autoloader\Autoloader->loadClass('App\\Controllers...')
#3 [internal function]: spl_autoload_call('App\\Controllers...')
#4 /var/www/html/system/CodeIgniter.php(789): class_exists('\\App\\Controller...', true)
#5 /var/www/html/system/CodeIgniter.php(397): CodeIgniter\CodeIgniter->startController()
#6 /var/www/html/system/CodeIgniter.php(318): CodeIgniter\CodeIgniter->handleRequest(NULL, Object(Config\Cache), false)
#7 /var/www/html/public/index.php(38): CodeIgniter\CodeIgniter->run()
#8 {main}
CRITICAL - 2022-01-27 05:04:27 --> syntax error, unexpected 'foreach' (T_FOREACH)
#0 /var/www/html/system/Autoloader/Autoloader.php(241): CodeIgniter\Autoloader\Autoloader->includeFile('/var/www/html/a...')
#1 /var/www/html/system/Autoloader/Autoloader.php(219): CodeIgniter\Autoloader\Autoloader->loadInNamespace('App\\Controllers...')
#2 [internal function]: CodeIgniter\Autoloader\Autoloader->loadClass('App\\Controllers...')
#3 [internal function]: spl_autoload_call('App\\Controllers...')
#4 /var/www/html/system/CodeIgniter.php(789): class_exists('\\App\\Controller...', true)
#5 /var/www/html/system/CodeIgniter.php(397): CodeIgniter\CodeIgniter->startController()
#6 /var/www/html/system/CodeIgniter.php(318): CodeIgniter\CodeIgniter->handleRequest(NULL, Object(Config\Cache), false)
#7 /var/www/html/public/index.php(38): CodeIgniter\CodeIgniter->run()
#8 {main}
CRITICAL - 2022-01-27 05:05:51 --> syntax error, unexpected 'foreach' (T_FOREACH)
#0 /var/www/html/system/Autoloader/Autoloader.php(241): CodeIgniter\Autoloader\Autoloader->includeFile('/var/www/html/a...')
#1 /var/www/html/system/Autoloader/Autoloader.php(219): CodeIgniter\Autoloader\Autoloader->loadInNamespace('App\\Controllers...')
#2 [internal function]: CodeIgniter\Autoloader\Autoloader->loadClass('App\\Controllers...')
#3 [internal function]: spl_autoload_call('App\\Controllers...')
#4 /var/www/html/system/CodeIgniter.php(789): class_exists('\\App\\Controller...', true)
#5 /var/www/html/system/CodeIgniter.php(397): CodeIgniter\CodeIgniter->startController()
#6 /var/www/html/system/CodeIgniter.php(318): CodeIgniter\CodeIgniter->handleRequest(NULL, Object(Config\Cache), false)
#7 /var/www/html/public/index.php(38): CodeIgniter\CodeIgniter->run()
#8 {main}
CRITICAL - 2022-01-27 05:06:04 --> syntax error, unexpected 'foreach' (T_FOREACH)
#0 /var/www/html/system/Autoloader/Autoloader.php(241): CodeIgniter\Autoloader\Autoloader->includeFile('/var/www/html/a...')
#1 /var/www/html/system/Autoloader/Autoloader.php(219): CodeIgniter\Autoloader\Autoloader->loadInNamespace('App\\Controllers...')
#2 [internal function]: CodeIgniter\Autoloader\Autoloader->loadClass('App\\Controllers...')
#3 [internal function]: spl_autoload_call('App\\Controllers...')
#4 /var/www/html/system/CodeIgniter.php(789): class_exists('\\App\\Controller...', true)
#5 /var/www/html/system/CodeIgniter.php(397): CodeIgniter\CodeIgniter->startController()
#6 /var/www/html/system/CodeIgniter.php(318): CodeIgniter\CodeIgniter->handleRequest(NULL, Object(Config\Cache), false)
#7 /var/www/html/public/index.php(38): CodeIgniter\CodeIgniter->run()
#8 {main}
CRITICAL - 2022-01-27 05:06:14 --> syntax error, unexpected 'foreach' (T_FOREACH)
#0 /var/www/html/system/Autoloader/Autoloader.php(241): CodeIgniter\Autoloader\Autoloader->includeFile('/var/www/html/a...')
#1 /var/www/html/system/Autoloader/Autoloader.php(219): CodeIgniter\Autoloader\Autoloader->loadInNamespace('App\\Controllers...')
#2 [internal function]: CodeIgniter\Autoloader\Autoloader->loadClass('App\\Controllers...')
#3 [internal function]: spl_autoload_call('App\\Controllers...')
#4 /var/www/html/system/CodeIgniter.php(789): class_exists('\\App\\Controller...', true)
#5 /var/www/html/system/CodeIgniter.php(397): CodeIgniter\CodeIgniter->startController()
#6 /var/www/html/system/CodeIgniter.php(318): CodeIgniter\CodeIgniter->handleRequest(NULL, Object(Config\Cache), false)
#7 /var/www/html/public/index.php(38): CodeIgniter\CodeIgniter->run()
#8 {main}
CRITICAL - 2022-01-27 05:06:15 --> syntax error, unexpected 'foreach' (T_FOREACH)
#0 /var/www/html/system/Autoloader/Autoloader.php(241): CodeIgniter\Autoloader\Autoloader->includeFile('/var/www/html/a...')
#1 /var/www/html/system/Autoloader/Autoloader.php(219): CodeIgniter\Autoloader\Autoloader->loadInNamespace('App\\Controllers...')
#2 [internal function]: CodeIgniter\Autoloader\Autoloader->loadClass('App\\Controllers...')
#3 [internal function]: spl_autoload_call('App\\Controllers...')
#4 /var/www/html/system/CodeIgniter.php(789): class_exists('\\App\\Controller...', true)
#5 /var/www/html/system/CodeIgniter.php(397): CodeIgniter\CodeIgniter->startController()
#6 /var/www/html/system/CodeIgniter.php(318): CodeIgniter\CodeIgniter->handleRequest(NULL, Object(Config\Cache), false)
#7 /var/www/html/public/index.php(38): CodeIgniter\CodeIgniter->run()
#8 {main}
CRITICAL - 2022-01-27 05:06:23 --> syntax error, unexpected 'foreach' (T_FOREACH)
#0 /var/www/html/system/Autoloader/Autoloader.php(241): CodeIgniter\Autoloader\Autoloader->includeFile('/var/www/html/a...')
#1 /var/www/html/system/Autoloader/Autoloader.php(219): CodeIgniter\Autoloader\Autoloader->loadInNamespace('App\\Controllers...')
#2 [internal function]: CodeIgniter\Autoloader\Autoloader->loadClass('App\\Controllers...')
#3 [internal function]: spl_autoload_call('App\\Controllers...')
#4 /var/www/html/system/CodeIgniter.php(789): class_exists('\\App\\Controller...', true)
#5 /var/www/html/system/CodeIgniter.php(397): CodeIgniter\CodeIgniter->startController()
#6 /var/www/html/system/CodeIgniter.php(318): CodeIgniter\CodeIgniter->handleRequest(NULL, Object(Config\Cache), false)
#7 /var/www/html/public/index.php(38): CodeIgniter\CodeIgniter->run()
#8 {main}
CRITICAL - 2022-01-27 05:06:32 --> syntax error, unexpected 'foreach' (T_FOREACH)
#0 /var/www/html/system/Autoloader/Autoloader.php(241): CodeIgniter\Autoloader\Autoloader->includeFile('/var/www/html/a...')
#1 /var/www/html/system/Autoloader/Autoloader.php(219): CodeIgniter\Autoloader\Autoloader->loadInNamespace('App\\Controllers...')
#2 [internal function]: CodeIgniter\Autoloader\Autoloader->loadClass('App\\Controllers...')
#3 [internal function]: spl_autoload_call('App\\Controllers...')
#4 /var/www/html/system/CodeIgniter.php(789): class_exists('\\App\\Controller...', true)
#5 /var/www/html/system/CodeIgniter.php(397): CodeIgniter\CodeIgniter->startController()
#6 /var/www/html/system/CodeIgniter.php(318): CodeIgniter\CodeIgniter->handleRequest(NULL, Object(Config\Cache), false)
#7 /var/www/html/public/index.php(38): CodeIgniter\CodeIgniter->run()
#8 {main}
CRITICAL - 2022-01-27 05:08:10 --> syntax error, unexpected '}'
#0 /var/www/html/system/Autoloader/Autoloader.php(241): CodeIgniter\Autoloader\Autoloader->includeFile('/var/www/html/a...')
#1 /var/www/html/system/Autoloader/Autoloader.php(219): CodeIgniter\Autoloader\Autoloader->loadInNamespace('App\\Controllers...')
#2 [internal function]: CodeIgniter\Autoloader\Autoloader->loadClass('App\\Controllers...')
#3 [internal function]: spl_autoload_call('App\\Controllers...')
#4 /var/www/html/system/CodeIgniter.php(789): class_exists('\\App\\Controller...', true)
#5 /var/www/html/system/CodeIgniter.php(397): CodeIgniter\CodeIgniter->startController()
#6 /var/www/html/system/CodeIgniter.php(318): CodeIgniter\CodeIgniter->handleRequest(NULL, Object(Config\Cache), false)
#7 /var/www/html/public/index.php(38): CodeIgniter\CodeIgniter->run()
#8 {main}
CRITICAL - 2022-01-27 05:08:30 --> syntax error, unexpected '}'
#0 /var/www/html/system/Autoloader/Autoloader.php(241): CodeIgniter\Autoloader\Autoloader->includeFile('/var/www/html/a...')
#1 /var/www/html/system/Autoloader/Autoloader.php(219): CodeIgniter\Autoloader\Autoloader->loadInNamespace('App\\Controllers...')
#2 [internal function]: CodeIgniter\Autoloader\Autoloader->loadClass('App\\Controllers...')
#3 [internal function]: spl_autoload_call('App\\Controllers...')
#4 /var/www/html/system/CodeIgniter.php(789): class_exists('\\App\\Controller...', true)
#5 /var/www/html/system/CodeIgniter.php(397): CodeIgniter\CodeIgniter->startController()
#6 /var/www/html/system/CodeIgniter.php(318): CodeIgniter\CodeIgniter->handleRequest(NULL, Object(Config\Cache), false)
#7 /var/www/html/public/index.php(38): CodeIgniter\CodeIgniter->run()
#8 {main}
ERROR - 2022-01-27 06:45:53 --> Email: sendWithSmtp throwed fsockopen(): SSL operation failed with code 1. OpenSSL Error messages:
error:1408F10B:SSL routines:ssl3_get_record:wrong version number
ERROR - 2022-01-27 06:56:54 --> Error connecting to the database: Connection refused
CRITICAL - 2022-01-27 06:56:54 --> Unable to connect to the database.
Main connection [MySQLi]: Connection refused
#0 /var/www/html/system/Database/BaseConnection.php(577): CodeIgniter\Database\BaseConnection->initialize()
#1 /var/www/html/system/Database/BaseBuilder.php(1443): CodeIgniter\Database\BaseConnection->query('SELECT `users`....', Array, false)
#2 /var/www/html/system/Model.php(723): CodeIgniter\Database\BaseBuilder->get()
#3 /var/www/html/app/Controllers/UserController.php(32): CodeIgniter\Model->__call('get', Array)
#4 /var/www/html/system/CodeIgniter.php(824): App\Controllers\UserController->index()
#5 /var/www/html/system/CodeIgniter.php(410): CodeIgniter\CodeIgniter->runController(Object(App\Controllers\UserController))
#6 /var/www/html/system/CodeIgniter.php(318): CodeIgniter\CodeIgniter->handleRequest(NULL, Object(Config\Cache), false)
#7 /var/www/html/public/index.php(38): CodeIgniter\CodeIgniter->run()
#8 {main}
ERROR - 2022-01-27 06:57:06 --> Table 'ldap.users' doesn't exist
CRITICAL - 2022-01-27 06:57:06 --> Call to a member function getResultArray() on bool
#0 /var/www/html/system/CodeIgniter.php(824): App\Controllers\UserController->index()
#1 /var/www/html/system/CodeIgniter.php(410): CodeIgniter\CodeIgniter->runController(Object(App\Controllers\UserController))
#2 /var/www/html/system/CodeIgniter.php(318): CodeIgniter\CodeIgniter->handleRequest(NULL, Object(Config\Cache), false)
#3 /var/www/html/public/index.php(38): CodeIgniter\CodeIgniter->run()
#4 {main}
ERROR - 2022-01-27 06:57:40 --> Email: sendWithSmtp throwed fsockopen(): SSL operation failed with code 1. OpenSSL Error messages:
error:1408F10B:SSL routines:ssl3_get_record:wrong version number
ERROR - 2022-01-27 06:58:44 --> Email: sendWithSmtp throwed fsockopen(): SSL operation failed with code 1. OpenSSL Error messages:
error:1408F10B:SSL routines:ssl3_get_record:wrong version number
ERROR - 2022-01-27 07:07:09 --> Email: sendWithSmtp throwed fsockopen(): SSL operation failed with code 1. OpenSSL Error messages:
error:1408F10B:SSL routines:ssl3_get_record:wrong version number
ERROR - 2022-01-27 07:09:16 --> Email: sendWithSmtp throwed fsockopen(): SSL operation failed with code 1. OpenSSL Error messages:
error:1408F10B:SSL routines:ssl3_get_record:wrong version number
ERROR - 2022-01-27 07:09:23 --> Email: sendWithSmtp throwed fsockopen(): SSL operation failed with code 1. OpenSSL Error messages:
error:1408F10B:SSL routines:ssl3_get_record:wrong version number
ERROR - 2022-01-27 07:12:43 --> Email: sendWithSmtp throwed fsockopen(): SSL operation failed with code 1. OpenSSL Error messages:
error:1408F10B:SSL routines:ssl3_get_record:wrong version number
ERROR - 2022-01-27 07:12:51 --> Email: sendWithSmtp throwed fsockopen(): SSL operation failed with code 1. OpenSSL Error messages:
error:1408F10B:SSL routines:ssl3_get_record:wrong version number
ERROR - 2022-01-27 07:13:19 --> Email: sendWithSmtp throwed fsockopen(): php_network_getaddresses: getaddrinfo failed: Temporary failure in name resolution
ERROR - 2022-01-27 07:15:34 --> Error connecting to the database: Connection refused
ERROR - 2022-01-27 07:16:04 --> Email: sendWithSmtp throwed fsockopen(): php_network_getaddresses: getaddrinfo failed: Temporary failure in name resolution
ERROR - 2022-01-27 07:22:28 --> Email: sendWithSmtp throwed fsockopen(): php_network_getaddresses: getaddrinfo failed: Temporary failure in name resolution
