ERROR - 2022-01-20 00:44:19 --> Table 'ldap.invoices' doesn't exist
CRITICAL - 2022-01-20 00:44:19 --> Call to a member function getResultArray() on bool
#0 /var/www/html/app/Controllers/InvoiceController.php(34): App\Controllers\InvoiceController->getAllinvoice()
#1 /var/www/html/system/CodeIgniter.php(824): App\Controllers\InvoiceController->index()
#2 /var/www/html/system/CodeIgniter.php(410): CodeIgniter\CodeIgniter->runController(Object(App\Controllers\InvoiceController))
#3 /var/www/html/system/CodeIgniter.php(318): CodeIgniter\CodeIgniter->handleRequest(NULL, Object(Config\Cache), false)
#4 /var/www/html/public/index.php(38): CodeIgniter\CodeIgniter->run()
#5 {main}
CRITICAL - 2022-01-20 04:02:03 --> Invalid argument supplied for foreach()
#0 /var/www/html/app/Views/dashboard/services.php(43): CodeIgniter\Debug\Exceptions->errorHandler(2, 'Invalid argumen...', '/var/www/html/a...', 43, Array)
#1 /var/www/html/system/View/View.php(214): include('/var/www/html/a...')
#2 /var/www/html/system/View/View.php(217): CodeIgniter\View\View->CodeIgniter\View\{closure}()
#3 /var/www/html/system/Common.php(1097): CodeIgniter\View\View->render('dashboard/servi...', Array, true)
#4 /var/www/html/app/Controllers/ServicesController.php(157): view('dashboard/servi...', Array)
#5 /var/www/html/app/Controllers/ServicesController.php(42): App\Controllers\ServicesController->editServices()
#6 /var/www/html/system/CodeIgniter.php(824): App\Controllers\ServicesController->servicesOperation1()
#7 /var/www/html/system/CodeIgniter.php(410): CodeIgniter\CodeIgniter->runController(Object(App\Controllers\ServicesController))
#8 /var/www/html/system/CodeIgniter.php(318): CodeIgniter\CodeIgniter->handleRequest(NULL, Object(Config\Cache), false)
#9 /var/www/html/public/index.php(38): CodeIgniter\CodeIgniter->run()
#10 {main}
CRITICAL - 2022-01-20 04:03:36 --> Invalid argument supplied for foreach()
#0 /var/www/html/app/Views/dashboard/services.php(43): CodeIgniter\Debug\Exceptions->errorHandler(2, 'Invalid argumen...', '/var/www/html/a...', 43, Array)
#1 /var/www/html/system/View/View.php(214): include('/var/www/html/a...')
#2 /var/www/html/system/View/View.php(217): CodeIgniter\View\View->CodeIgniter\View\{closure}()
#3 /var/www/html/system/Common.php(1097): CodeIgniter\View\View->render('dashboard/servi...', Array, true)
#4 /var/www/html/app/Controllers/ServicesController.php(157): view('dashboard/servi...', Array)
#5 /var/www/html/app/Controllers/ServicesController.php(42): App\Controllers\ServicesController->editServices()
#6 /var/www/html/system/CodeIgniter.php(824): App\Controllers\ServicesController->servicesOperation1()
#7 /var/www/html/system/CodeIgniter.php(410): CodeIgniter\CodeIgniter->runController(Object(App\Controllers\ServicesController))
#8 /var/www/html/system/CodeIgniter.php(318): CodeIgniter\CodeIgniter->handleRequest(NULL, Object(Config\Cache), false)
#9 /var/www/html/public/index.php(38): CodeIgniter\CodeIgniter->run()
#10 {main}
CRITICAL - 2022-01-20 04:08:26 --> Invalid argument supplied for foreach()
#0 /var/www/html/app/Views/dashboard/services.php(43): CodeIgniter\Debug\Exceptions->errorHandler(2, 'Invalid argumen...', '/var/www/html/a...', 43, Array)
#1 /var/www/html/system/View/View.php(214): include('/var/www/html/a...')
#2 /var/www/html/system/View/View.php(217): CodeIgniter\View\View->CodeIgniter\View\{closure}()
#3 /var/www/html/system/Common.php(1097): CodeIgniter\View\View->render('dashboard/servi...', Array, true)
#4 /var/www/html/app/Controllers/ServicesController.php(157): view('dashboard/servi...', Array)
#5 /var/www/html/app/Controllers/ServicesController.php(42): App\Controllers\ServicesController->editServices()
#6 /var/www/html/system/CodeIgniter.php(824): App\Controllers\ServicesController->servicesOperation1()
#7 /var/www/html/system/CodeIgniter.php(410): CodeIgniter\CodeIgniter->runController(Object(App\Controllers\ServicesController))
#8 /var/www/html/system/CodeIgniter.php(318): CodeIgniter\CodeIgniter->handleRequest(NULL, Object(Config\Cache), false)
#9 /var/www/html/public/index.php(38): CodeIgniter\CodeIgniter->run()
#10 {main}
