CRITICAL - 2022-02-09 00:06:00 --> syntax error, unexpected end of file, expecting function (T_FUNCTION) or const (T_CONST)
#0 /var/www/html/system/Autoloader/Autoloader.php(241): CodeIgniter\Autoloader\Autoloader->includeFile('/var/www/html/a...')
#1 /var/www/html/system/Autoloader/Autoloader.php(219): CodeIgniter\Autoloader\Autoloader->loadInNamespace('App\\Controllers...')
#2 [internal function]: CodeIgniter\Autoloader\Autoloader->loadClass('App\\Controllers...')
#3 [internal function]: spl_autoload_call('App\\Controllers...')
#4 /var/www/html/system/CodeIgniter.php(789): class_exists('\\App\\Controller...', true)
#5 /var/www/html/system/CodeIgniter.php(397): CodeIgniter\CodeIgniter->startController()
#6 /var/www/html/system/CodeIgniter.php(318): CodeIgniter\CodeIgniter->handleRequest(NULL, Object(Config\Cache), false)
#7 /var/www/html/public/index.php(38): CodeIgniter\CodeIgniter->run()
#8 {main}
CRITICAL - 2022-02-09 00:11:06 --> syntax error, unexpected '}', expecting end of file
#0 /var/www/html/system/Autoloader/Autoloader.php(241): CodeIgniter\Autoloader\Autoloader->includeFile('/var/www/html/a...')
#1 /var/www/html/system/Autoloader/Autoloader.php(219): CodeIgniter\Autoloader\Autoloader->loadInNamespace('App\\Controllers...')
#2 [internal function]: CodeIgniter\Autoloader\Autoloader->loadClass('App\\Controllers...')
#3 [internal function]: spl_autoload_call('App\\Controllers...')
#4 /var/www/html/system/CodeIgniter.php(789): class_exists('\\App\\Controller...', true)
#5 /var/www/html/system/CodeIgniter.php(397): CodeIgniter\CodeIgniter->startController()
#6 /var/www/html/system/CodeIgniter.php(318): CodeIgniter\CodeIgniter->handleRequest(NULL, Object(Config\Cache), false)
#7 /var/www/html/public/index.php(38): CodeIgniter\CodeIgniter->run()
#8 {main}
CRITICAL - 2022-02-09 02:40:55 --> syntax error, unexpected ')', expecting ']'
#0 /var/www/html/system/Autoloader/Autoloader.php(241): CodeIgniter\Autoloader\Autoloader->includeFile('/var/www/html/a...')
#1 /var/www/html/system/Autoloader/Autoloader.php(219): CodeIgniter\Autoloader\Autoloader->loadInNamespace('App\\Controllers...')
#2 [internal function]: CodeIgniter\Autoloader\Autoloader->loadClass('App\\Controllers...')
#3 [internal function]: spl_autoload_call('App\\Controllers...')
#4 /var/www/html/system/CodeIgniter.php(789): class_exists('\\App\\Controller...', true)
#5 /var/www/html/system/CodeIgniter.php(397): CodeIgniter\CodeIgniter->startController()
#6 /var/www/html/system/CodeIgniter.php(318): CodeIgniter\CodeIgniter->handleRequest(NULL, Object(Config\Cache), false)
#7 /var/www/html/public/index.php(38): CodeIgniter\CodeIgniter->run()
#8 {main}
ERROR - 2022-02-09 02:48:02 --> Column 'group_id' cannot be null
ERROR - 2022-02-09 02:48:49 --> Column 'group_id' cannot be null
ERROR - 2022-02-09 02:50:16 --> Column 'group_id' cannot be null
ERROR - 2022-02-09 02:51:12 --> Column 'group_id' cannot be null
ERROR - 2022-02-09 02:51:18 --> Column 'group_id' cannot be null
CRITICAL - 2022-02-09 02:53:06 --> Invalid argument supplied for foreach()
#0 /var/www/html/app/Views/dashboard/usersGPO.php(60): CodeIgniter\Debug\Exceptions->errorHandler(2, 'Invalid argumen...', '/var/www/html/a...', 60, Array)
#1 /var/www/html/system/View/View.php(214): include('/var/www/html/a...')
#2 /var/www/html/system/View/View.php(217): CodeIgniter\View\View->CodeIgniter\View\{closure}()
#3 /var/www/html/system/Common.php(1097): CodeIgniter\View\View->render('dashboard/users...', Array, true)
#4 /var/www/html/app/Controllers/UserGPOController.php(77): view('dashboard/users...', Array)
#5 /var/www/html/system/CodeIgniter.php(824): App\Controllers\UserGPOController->index()
#6 /var/www/html/system/CodeIgniter.php(410): CodeIgniter\CodeIgniter->runController(Object(App\Controllers\UserGPOController))
#7 /var/www/html/system/CodeIgniter.php(318): CodeIgniter\CodeIgniter->handleRequest(NULL, Object(Config\Cache), false)
#8 /var/www/html/public/index.php(38): CodeIgniter\CodeIgniter->run()
#9 {main}
CRITICAL - 2022-02-09 02:53:11 --> Invalid argument supplied for foreach()
#0 /var/www/html/app/Views/dashboard/usersGPO.php(60): CodeIgniter\Debug\Exceptions->errorHandler(2, 'Invalid argumen...', '/var/www/html/a...', 60, Array)
#1 /var/www/html/system/View/View.php(214): include('/var/www/html/a...')
#2 /var/www/html/system/View/View.php(217): CodeIgniter\View\View->CodeIgniter\View\{closure}()
#3 /var/www/html/system/Common.php(1097): CodeIgniter\View\View->render('dashboard/users...', Array, true)
#4 /var/www/html/app/Controllers/UserGPOController.php(77): view('dashboard/users...', Array)
#5 /var/www/html/system/CodeIgniter.php(824): App\Controllers\UserGPOController->index()
#6 /var/www/html/system/CodeIgniter.php(410): CodeIgniter\CodeIgniter->runController(Object(App\Controllers\UserGPOController))
#7 /var/www/html/system/CodeIgniter.php(318): CodeIgniter\CodeIgniter->handleRequest(NULL, Object(Config\Cache), false)
#8 /var/www/html/public/index.php(38): CodeIgniter\CodeIgniter->run()
#9 {main}
CRITICAL - 2022-02-09 02:53:19 --> Invalid argument supplied for foreach()
#0 /var/www/html/app/Views/dashboard/usersGPO.php(60): CodeIgniter\Debug\Exceptions->errorHandler(2, 'Invalid argumen...', '/var/www/html/a...', 60, Array)
#1 /var/www/html/system/View/View.php(214): include('/var/www/html/a...')
#2 /var/www/html/system/View/View.php(217): CodeIgniter\View\View->CodeIgniter\View\{closure}()
#3 /var/www/html/system/Common.php(1097): CodeIgniter\View\View->render('dashboard/users...', Array, true)
#4 /var/www/html/app/Controllers/UserGPOController.php(77): view('dashboard/users...', Array)
#5 /var/www/html/system/CodeIgniter.php(824): App\Controllers\UserGPOController->index()
#6 /var/www/html/system/CodeIgniter.php(410): CodeIgniter\CodeIgniter->runController(Object(App\Controllers\UserGPOController))
#7 /var/www/html/system/CodeIgniter.php(318): CodeIgniter\CodeIgniter->handleRequest(NULL, Object(Config\Cache), false)
#8 /var/www/html/public/index.php(38): CodeIgniter\CodeIgniter->run()
#9 {main}
CRITICAL - 2022-02-09 02:54:23 --> Invalid argument supplied for foreach()
#0 /var/www/html/app/Views/dashboard/usersGPO.php(60): CodeIgniter\Debug\Exceptions->errorHandler(2, 'Invalid argumen...', '/var/www/html/a...', 60, Array)
#1 /var/www/html/system/View/View.php(214): include('/var/www/html/a...')
#2 /var/www/html/system/View/View.php(217): CodeIgniter\View\View->CodeIgniter\View\{closure}()
#3 /var/www/html/system/Common.php(1097): CodeIgniter\View\View->render('dashboard/users...', Array, true)
#4 /var/www/html/app/Controllers/UserGPOController.php(77): view('dashboard/users...', Array)
#5 /var/www/html/system/CodeIgniter.php(824): App\Controllers\UserGPOController->index()
#6 /var/www/html/system/CodeIgniter.php(410): CodeIgniter\CodeIgniter->runController(Object(App\Controllers\UserGPOController))
#7 /var/www/html/system/CodeIgniter.php(318): CodeIgniter\CodeIgniter->handleRequest(NULL, Object(Config\Cache), false)
#8 /var/www/html/public/index.php(38): CodeIgniter\CodeIgniter->run()
#9 {main}
CRITICAL - 2022-02-09 02:54:24 --> Invalid argument supplied for foreach()
#0 /var/www/html/app/Views/dashboard/usersGPO.php(60): CodeIgniter\Debug\Exceptions->errorHandler(2, 'Invalid argumen...', '/var/www/html/a...', 60, Array)
#1 /var/www/html/system/View/View.php(214): include('/var/www/html/a...')
#2 /var/www/html/system/View/View.php(217): CodeIgniter\View\View->CodeIgniter\View\{closure}()
#3 /var/www/html/system/Common.php(1097): CodeIgniter\View\View->render('dashboard/users...', Array, true)
#4 /var/www/html/app/Controllers/UserGPOController.php(77): view('dashboard/users...', Array)
#5 /var/www/html/system/CodeIgniter.php(824): App\Controllers\UserGPOController->index()
#6 /var/www/html/system/CodeIgniter.php(410): CodeIgniter\CodeIgniter->runController(Object(App\Controllers\UserGPOController))
#7 /var/www/html/system/CodeIgniter.php(318): CodeIgniter\CodeIgniter->handleRequest(NULL, Object(Config\Cache), false)
#8 /var/www/html/public/index.php(38): CodeIgniter\CodeIgniter->run()
#9 {main}
