CRITICAL - 2022-02-16 04:38:22 --> Call to undefined method App\Controllers\RoleController::getAllRoles()
#0 /var/www/html/system/CodeIgniter.php(824): App\Controllers\RoleController->index()
#1 /var/www/html/system/CodeIgniter.php(410): CodeIgniter\CodeIgniter->runController(Object(App\Controllers\RoleController))
#2 /var/www/html/system/CodeIgniter.php(318): CodeIgniter\CodeIgniter->handleRequest(NULL, Object(Config\Cache), false)
#3 /var/www/html/public/index.php(38): CodeIgniter\CodeIgniter->run()
#4 {main}
CRITICAL - 2022-02-16 04:40:34 --> Call to undefined method App\Controllers\RoleController::getAllRoles()
#0 /var/www/html/system/CodeIgniter.php(824): App\Controllers\RoleController->index()
#1 /var/www/html/system/CodeIgniter.php(410): CodeIgniter\CodeIgniter->runController(Object(App\Controllers\RoleController))
#2 /var/www/html/system/CodeIgniter.php(318): CodeIgniter\CodeIgniter->handleRequest(NULL, Object(Config\Cache), false)
#3 /var/www/html/public/index.php(38): CodeIgniter\CodeIgniter->run()
#4 {main}
CRITICAL - 2022-02-16 04:41:24 --> Call to undefined method App\Controllers\RoleController::getAllRoles()
#0 /var/www/html/system/CodeIgniter.php(824): App\Controllers\RoleController->index()
#1 /var/www/html/system/CodeIgniter.php(410): CodeIgniter\CodeIgniter->runController(Object(App\Controllers\RoleController))
#2 /var/www/html/system/CodeIgniter.php(318): CodeIgniter\CodeIgniter->handleRequest(NULL, Object(Config\Cache), false)
#3 /var/www/html/public/index.php(38): CodeIgniter\CodeIgniter->run()
#4 {main}
CRITICAL - 2022-02-16 04:41:25 --> Call to undefined method App\Controllers\RoleController::getAllRoles()
#0 /var/www/html/system/CodeIgniter.php(824): App\Controllers\RoleController->index()
#1 /var/www/html/system/CodeIgniter.php(410): CodeIgniter\CodeIgniter->runController(Object(App\Controllers\RoleController))
#2 /var/www/html/system/CodeIgniter.php(318): CodeIgniter\CodeIgniter->handleRequest(NULL, Object(Config\Cache), false)
#3 /var/www/html/public/index.php(38): CodeIgniter\CodeIgniter->run()
#4 {main}
ERROR - 2022-02-16 07:09:50 --> Unknown column 'invoice_num' in 'field list'
CRITICAL - 2022-02-16 07:19:09 --> Invalid argument supplied for foreach()
#0 /var/www/html/app/Views/dashboard/companys.php(55): CodeIgniter\Debug\Exceptions->errorHandler(2, 'Invalid argumen...', '/var/www/html/a...', 55, Array)
#1 /var/www/html/system/View/View.php(214): include('/var/www/html/a...')
#2 /var/www/html/system/View/View.php(217): CodeIgniter\View\View->CodeIgniter\View\{closure}()
#3 /var/www/html/system/Common.php(1097): CodeIgniter\View\View->render('dashboard/compa...', Array, true)
#4 /var/www/html/app/Controllers/CompanyController.php(28): view('dashboard/compa...', Array)
#5 /var/www/html/system/CodeIgniter.php(824): App\Controllers\CompanyController->index()
#6 /var/www/html/system/CodeIgniter.php(410): CodeIgniter\CodeIgniter->runController(Object(App\Controllers\CompanyController))
#7 /var/www/html/system/CodeIgniter.php(318): CodeIgniter\CodeIgniter->handleRequest(NULL, Object(Config\Cache), false)
#8 /var/www/html/public/index.php(38): CodeIgniter\CodeIgniter->run()
#9 {main}
ERROR - 2022-02-16 07:34:50 --> Unknown column 'servers.name' in 'field list'
CRITICAL - 2022-02-16 07:34:50 --> Call to a member function getResultArray() on bool
#0 /var/www/html/system/CodeIgniter.php(824): App\Controllers\CompanyController->index()
#1 /var/www/html/system/CodeIgniter.php(410): CodeIgniter\CodeIgniter->runController(Object(App\Controllers\CompanyController))
#2 /var/www/html/system/CodeIgniter.php(318): CodeIgniter\CodeIgniter->handleRequest(NULL, Object(Config\Cache), false)
#3 /var/www/html/public/index.php(38): CodeIgniter\CodeIgniter->run()
#4 {main}
ERROR - 2022-02-16 07:35:24 --> Unknown column 'servers.name' in 'field list'
CRITICAL - 2022-02-16 07:35:24 --> Call to a member function getResultArray() on bool
#0 /var/www/html/system/CodeIgniter.php(824): App\Controllers\CompanyController->index()
#1 /var/www/html/system/CodeIgniter.php(410): CodeIgniter\CodeIgniter->runController(Object(App\Controllers\CompanyController))
#2 /var/www/html/system/CodeIgniter.php(318): CodeIgniter\CodeIgniter->handleRequest(NULL, Object(Config\Cache), false)
#3 /var/www/html/public/index.php(38): CodeIgniter\CodeIgniter->run()
#4 {main}
ERROR - 2022-02-16 07:37:04 --> Unknown column 'servers.name' in 'field list'
CRITICAL - 2022-02-16 07:37:04 --> Call to a member function getResultArray() on bool
#0 /var/www/html/system/CodeIgniter.php(824): App\Controllers\CompanyController->index()
#1 /var/www/html/system/CodeIgniter.php(410): CodeIgniter\CodeIgniter->runController(Object(App\Controllers\CompanyController))
#2 /var/www/html/system/CodeIgniter.php(318): CodeIgniter\CodeIgniter->handleRequest(NULL, Object(Config\Cache), false)
#3 /var/www/html/public/index.php(38): CodeIgniter\CodeIgniter->run()
#4 {main}
ERROR - 2022-02-16 07:38:19 --> Unknown column 'servers.name' in 'field list'
CRITICAL - 2022-02-16 07:38:19 --> Call to a member function getResultArray() on bool
#0 /var/www/html/system/CodeIgniter.php(824): App\Controllers\CompanyController->index()
#1 /var/www/html/system/CodeIgniter.php(410): CodeIgniter\CodeIgniter->runController(Object(App\Controllers\CompanyController))
#2 /var/www/html/system/CodeIgniter.php(318): CodeIgniter\CodeIgniter->handleRequest(NULL, Object(Config\Cache), false)
#3 /var/www/html/public/index.php(38): CodeIgniter\CodeIgniter->run()
#4 {main}
