CRITICAL - 2022-02-17 01:37:50 --> syntax error, unexpected 'public' (T_PUBLIC)
#0 /var/www/html/system/Autoloader/Autoloader.php(241): CodeIgniter\Autoloader\Autoloader->includeFile('/var/www/html/a...')
#1 /var/www/html/system/Autoloader/Autoloader.php(219): CodeIgniter\Autoloader\Autoloader->loadInNamespace('App\\Controllers...')
#2 [internal function]: CodeIgniter\Autoloader\Autoloader->loadClass('App\\Controllers...')
#3 [internal function]: spl_autoload_call('App\\Controllers...')
#4 /var/www/html/system/CodeIgniter.php(789): class_exists('\\App\\Controller...', true)
#5 /var/www/html/system/CodeIgniter.php(397): CodeIgniter\CodeIgniter->startController()
#6 /var/www/html/system/CodeIgniter.php(318): CodeIgniter\CodeIgniter->handleRequest(NULL, Object(Config\Cache), false)
#7 /var/www/html/public/index.php(38): CodeIgniter\CodeIgniter->run()
#8 {main}
CRITICAL - 2022-02-17 01:40:39 --> syntax error, unexpected 'public' (T_PUBLIC)
#0 /var/www/html/system/Autoloader/Autoloader.php(241): CodeIgniter\Autoloader\Autoloader->includeFile('/var/www/html/a...')
#1 /var/www/html/system/Autoloader/Autoloader.php(219): CodeIgniter\Autoloader\Autoloader->loadInNamespace('App\\Controllers...')
#2 [internal function]: CodeIgniter\Autoloader\Autoloader->loadClass('App\\Controllers...')
#3 [internal function]: spl_autoload_call('App\\Controllers...')
#4 /var/www/html/system/CodeIgniter.php(789): class_exists('\\App\\Controller...', true)
#5 /var/www/html/system/CodeIgniter.php(397): CodeIgniter\CodeIgniter->startController()
#6 /var/www/html/system/CodeIgniter.php(318): CodeIgniter\CodeIgniter->handleRequest(NULL, Object(Config\Cache), false)
#7 /var/www/html/public/index.php(38): CodeIgniter\CodeIgniter->run()
#8 {main}
CRITICAL - 2022-02-17 01:41:30 --> Invalid argument supplied for foreach()
#0 /var/www/html/app/Views/dashboard/users.php(108): CodeIgniter\Debug\Exceptions->errorHandler(2, 'Invalid argumen...', '/var/www/html/a...', 108, Array)
#1 /var/www/html/system/View/View.php(214): include('/var/www/html/a...')
#2 /var/www/html/system/View/View.php(217): CodeIgniter\View\View->CodeIgniter\View\{closure}()
#3 /var/www/html/system/Common.php(1097): CodeIgniter\View\View->render('dashboard/users', Array, true)
#4 /var/www/html/app/Controllers/UserController.php(206): view('dashboard/users', Array)
#5 /var/www/html/system/CodeIgniter.php(824): App\Controllers\UserController->operation()
#6 /var/www/html/system/CodeIgniter.php(410): CodeIgniter\CodeIgniter->runController(Object(App\Controllers\UserController))
#7 /var/www/html/system/CodeIgniter.php(318): CodeIgniter\CodeIgniter->handleRequest(NULL, Object(Config\Cache), false)
#8 /var/www/html/public/index.php(38): CodeIgniter\CodeIgniter->run()
#9 {main}
CRITICAL - 2022-02-17 01:42:42 --> Invalid argument supplied for foreach()
#0 /var/www/html/app/Views/dashboard/users.php(108): CodeIgniter\Debug\Exceptions->errorHandler(2, 'Invalid argumen...', '/var/www/html/a...', 108, Array)
#1 /var/www/html/system/View/View.php(214): include('/var/www/html/a...')
#2 /var/www/html/system/View/View.php(217): CodeIgniter\View\View->CodeIgniter\View\{closure}()
#3 /var/www/html/system/Common.php(1097): CodeIgniter\View\View->render('dashboard/users', Array, true)
#4 /var/www/html/app/Controllers/UserController.php(206): view('dashboard/users', Array)
#5 /var/www/html/system/CodeIgniter.php(824): App\Controllers\UserController->operation()
#6 /var/www/html/system/CodeIgniter.php(410): CodeIgniter\CodeIgniter->runController(Object(App\Controllers\UserController))
#7 /var/www/html/system/CodeIgniter.php(318): CodeIgniter\CodeIgniter->handleRequest(NULL, Object(Config\Cache), false)
#8 /var/www/html/public/index.php(38): CodeIgniter\CodeIgniter->run()
#9 {main}
CRITICAL - 2022-02-17 01:42:48 --> Invalid argument supplied for foreach()
#0 /var/www/html/app/Views/dashboard/users.php(108): CodeIgniter\Debug\Exceptions->errorHandler(2, 'Invalid argumen...', '/var/www/html/a...', 108, Array)
#1 /var/www/html/system/View/View.php(214): include('/var/www/html/a...')
#2 /var/www/html/system/View/View.php(217): CodeIgniter\View\View->CodeIgniter\View\{closure}()
#3 /var/www/html/system/Common.php(1097): CodeIgniter\View\View->render('dashboard/users', Array, true)
#4 /var/www/html/app/Controllers/UserController.php(206): view('dashboard/users', Array)
#5 /var/www/html/system/CodeIgniter.php(824): App\Controllers\UserController->operation()
#6 /var/www/html/system/CodeIgniter.php(410): CodeIgniter\CodeIgniter->runController(Object(App\Controllers\UserController))
#7 /var/www/html/system/CodeIgniter.php(318): CodeIgniter\CodeIgniter->handleRequest(NULL, Object(Config\Cache), false)
#8 /var/www/html/public/index.php(38): CodeIgniter\CodeIgniter->run()
#9 {main}
ERROR - 2022-02-17 01:50:57 --> Unknown column 'group_policy.company_id' in 'where clause'
CRITICAL - 2022-02-17 01:50:57 --> Call to a member function getResultArray() on bool
#0 /var/www/html/system/CodeIgniter.php(824): App\Controllers\UserController->operation()
#1 /var/www/html/system/CodeIgniter.php(410): CodeIgniter\CodeIgniter->runController(Object(App\Controllers\UserController))
#2 /var/www/html/system/CodeIgniter.php(318): CodeIgniter\CodeIgniter->handleRequest(NULL, Object(Config\Cache), false)
#3 /var/www/html/public/index.php(38): CodeIgniter\CodeIgniter->run()
#4 {main}
ERROR - 2022-02-17 03:41:46 --> Unknown column 'invoice_num' in 'field list'
CRITICAL - 2022-02-17 03:50:53 --> View themes, no current section.
#0 /var/www/html/app/Views/dashboard/companys.php(151): CodeIgniter\View\View->endSection()
#1 /var/www/html/system/View/View.php(214): include('/var/www/html/a...')
#2 /var/www/html/system/View/View.php(217): CodeIgniter\View\View->CodeIgniter\View\{closure}()
#3 /var/www/html/system/Common.php(1097): CodeIgniter\View\View->render('dashboard/compa...', Array, true)
#4 /var/www/html/app/Controllers/CompanyController.php(40): view('dashboard/compa...', Array)
#5 /var/www/html/system/CodeIgniter.php(824): App\Controllers\CompanyController->index()
#6 /var/www/html/system/CodeIgniter.php(410): CodeIgniter\CodeIgniter->runController(Object(App\Controllers\CompanyController))
#7 /var/www/html/system/CodeIgniter.php(318): CodeIgniter\CodeIgniter->handleRequest(NULL, Object(Config\Cache), false)
#8 /var/www/html/public/index.php(38): CodeIgniter\CodeIgniter->run()
#9 {main}
CRITICAL - 2022-02-17 03:52:34 --> View themes, no current section.
#0 /var/www/html/app/Views/dashboard/companys.php(151): CodeIgniter\View\View->endSection()
#1 /var/www/html/system/View/View.php(214): include('/var/www/html/a...')
#2 /var/www/html/system/View/View.php(217): CodeIgniter\View\View->CodeIgniter\View\{closure}()
#3 /var/www/html/system/Common.php(1097): CodeIgniter\View\View->render('dashboard/compa...', Array, true)
#4 /var/www/html/app/Controllers/CompanyController.php(40): view('dashboard/compa...', Array)
#5 /var/www/html/system/CodeIgniter.php(824): App\Controllers\CompanyController->index()
#6 /var/www/html/system/CodeIgniter.php(410): CodeIgniter\CodeIgniter->runController(Object(App\Controllers\CompanyController))
#7 /var/www/html/system/CodeIgniter.php(318): CodeIgniter\CodeIgniter->handleRequest(NULL, Object(Config\Cache), false)
#8 /var/www/html/public/index.php(38): CodeIgniter\CodeIgniter->run()
#9 {main}
CRITICAL - 2022-02-17 03:52:45 --> View themes, no current section.
#0 /var/www/html/app/Views/dashboard/companys.php(151): CodeIgniter\View\View->endSection()
#1 /var/www/html/system/View/View.php(214): include('/var/www/html/a...')
#2 /var/www/html/system/View/View.php(217): CodeIgniter\View\View->CodeIgniter\View\{closure}()
#3 /var/www/html/system/Common.php(1097): CodeIgniter\View\View->render('dashboard/compa...', Array, true)
#4 /var/www/html/app/Controllers/CompanyController.php(40): view('dashboard/compa...', Array)
#5 /var/www/html/system/CodeIgniter.php(824): App\Controllers\CompanyController->index()
#6 /var/www/html/system/CodeIgniter.php(410): CodeIgniter\CodeIgniter->runController(Object(App\Controllers\CompanyController))
#7 /var/www/html/system/CodeIgniter.php(318): CodeIgniter\CodeIgniter->handleRequest(NULL, Object(Config\Cache), false)
#8 /var/www/html/public/index.php(38): CodeIgniter\CodeIgniter->run()
#9 {main}
CRITICAL - 2022-02-17 03:53:59 --> View themes, no current section.
#0 /var/www/html/app/Views/dashboard/companys.php(151): CodeIgniter\View\View->endSection()
#1 /var/www/html/system/View/View.php(214): include('/var/www/html/a...')
#2 /var/www/html/system/View/View.php(217): CodeIgniter\View\View->CodeIgniter\View\{closure}()
#3 /var/www/html/system/Common.php(1097): CodeIgniter\View\View->render('dashboard/compa...', Array, true)
#4 /var/www/html/app/Controllers/CompanyController.php(40): view('dashboard/compa...', Array)
#5 /var/www/html/system/CodeIgniter.php(824): App\Controllers\CompanyController->index()
#6 /var/www/html/system/CodeIgniter.php(410): CodeIgniter\CodeIgniter->runController(Object(App\Controllers\CompanyController))
#7 /var/www/html/system/CodeIgniter.php(318): CodeIgniter\CodeIgniter->handleRequest(NULL, Object(Config\Cache), false)
#8 /var/www/html/public/index.php(38): CodeIgniter\CodeIgniter->run()
#9 {main}
CRITICAL - 2022-02-17 03:55:55 --> View themes, no current section.
#0 /var/www/html/app/Views/dashboard/companys.php(151): CodeIgniter\View\View->endSection()
#1 /var/www/html/system/View/View.php(214): include('/var/www/html/a...')
#2 /var/www/html/system/View/View.php(217): CodeIgniter\View\View->CodeIgniter\View\{closure}()
#3 /var/www/html/system/Common.php(1097): CodeIgniter\View\View->render('dashboard/compa...', Array, true)
#4 /var/www/html/app/Controllers/CompanyController.php(40): view('dashboard/compa...', Array)
#5 /var/www/html/system/CodeIgniter.php(824): App\Controllers\CompanyController->index()
#6 /var/www/html/system/CodeIgniter.php(410): CodeIgniter\CodeIgniter->runController(Object(App\Controllers\CompanyController))
#7 /var/www/html/system/CodeIgniter.php(318): CodeIgniter\CodeIgniter->handleRequest(NULL, Object(Config\Cache), false)
#8 /var/www/html/public/index.php(38): CodeIgniter\CodeIgniter->run()
#9 {main}
CRITICAL - 2022-02-17 04:28:23 --> Cannot use object of type App\Models\Company as array
#0 /var/www/html/system/CodeIgniter.php(824): App\Controllers\CompanyController->operation()
#1 /var/www/html/system/CodeIgniter.php(410): CodeIgniter\CodeIgniter->runController(Object(App\Controllers\CompanyController))
#2 /var/www/html/system/CodeIgniter.php(318): CodeIgniter\CodeIgniter->handleRequest(NULL, Object(Config\Cache), false)
#3 /var/www/html/public/index.php(38): CodeIgniter\CodeIgniter->run()
#4 {main}
CRITICAL - 2022-02-17 04:29:56 --> Cannot use object of type App\Models\Company as array
#0 /var/www/html/system/CodeIgniter.php(824): App\Controllers\CompanyController->operation()
#1 /var/www/html/system/CodeIgniter.php(410): CodeIgniter\CodeIgniter->runController(Object(App\Controllers\CompanyController))
#2 /var/www/html/system/CodeIgniter.php(318): CodeIgniter\CodeIgniter->handleRequest(NULL, Object(Config\Cache), false)
#3 /var/www/html/public/index.php(38): CodeIgniter\CodeIgniter->run()
#4 {main}
CRITICAL - 2022-02-17 04:33:10 --> Function name must be a string
#0 /var/www/html/system/CodeIgniter.php(824): App\Controllers\CompanyController->operation()
#1 /var/www/html/system/CodeIgniter.php(410): CodeIgniter\CodeIgniter->runController(Object(App\Controllers\CompanyController))
#2 /var/www/html/system/CodeIgniter.php(318): CodeIgniter\CodeIgniter->handleRequest(NULL, Object(Config\Cache), false)
#3 /var/www/html/public/index.php(38): CodeIgniter\CodeIgniter->run()
#4 {main}
CRITICAL - 2022-02-17 04:41:02 --> Function name must be a string
#0 /var/www/html/system/CodeIgniter.php(824): App\Controllers\CompanyController->operation()
#1 /var/www/html/system/CodeIgniter.php(410): CodeIgniter\CodeIgniter->runController(Object(App\Controllers\CompanyController))
#2 /var/www/html/system/CodeIgniter.php(318): CodeIgniter\CodeIgniter->handleRequest(NULL, Object(Config\Cache), false)
#3 /var/www/html/public/index.php(38): CodeIgniter\CodeIgniter->run()
#4 {main}
CRITICAL - 2022-02-17 04:49:50 --> 7 : Failed to connect to 10.175.255.30 port 8085: Connection refused
#0 /var/www/html/system/HTTP/CURLRequest.php(656): CodeIgniter\HTTP\Exceptions\HTTPException::forCurlError('7', 'Failed to conne...')
#1 /var/www/html/system/HTTP/CURLRequest.php(364): CodeIgniter\HTTP\CURLRequest->sendRequest(Array)
#2 /var/www/html/system/HTTP/CURLRequest.php(140): CodeIgniter\HTTP\CURLRequest->send('POST', 'http://10.175.2...')
#3 /var/www/html/app/Libraries/LdapChannelLibrary.php(12): CodeIgniter\HTTP\CURLRequest->request('POST', 'http://10.175.2...', Array)
#4 /var/www/html/app/Libraries/LdapChannelLibrary.php(24): App\Libraries\LdapChannelLibrary::curlRequest(Array)
#5 /var/www/html/app/Controllers/CompanyController.php(77): App\Libraries\LdapChannelLibrary::createOrganization('server4', 'DC=test,DC=lab', '\xD0\xA0\xD0\xB0\xD0\xB1\xD0\xBE\xD1\x82\xD0\xB0')
#6 /var/www/html/system/CodeIgniter.php(824): App\Controllers\CompanyController->operation()
#7 /var/www/html/system/CodeIgniter.php(410): CodeIgniter\CodeIgniter->runController(Object(App\Controllers\CompanyController))
#8 /var/www/html/system/CodeIgniter.php(318): CodeIgniter\CodeIgniter->handleRequest(NULL, Object(Config\Cache), false)
#9 /var/www/html/public/index.php(38): CodeIgniter\CodeIgniter->run()
#10 {main}
CRITICAL - 2022-02-17 04:50:11 --> 7 : Failed to connect to 10.175.255.30 port 8085: Connection refused
#0 /var/www/html/system/HTTP/CURLRequest.php(656): CodeIgniter\HTTP\Exceptions\HTTPException::forCurlError('7', 'Failed to conne...')
#1 /var/www/html/system/HTTP/CURLRequest.php(364): CodeIgniter\HTTP\CURLRequest->sendRequest(Array)
#2 /var/www/html/system/HTTP/CURLRequest.php(140): CodeIgniter\HTTP\CURLRequest->send('POST', 'http://10.175.2...')
#3 /var/www/html/app/Libraries/LdapChannelLibrary.php(12): CodeIgniter\HTTP\CURLRequest->request('POST', 'http://10.175.2...', Array)
#4 /var/www/html/app/Libraries/LdapChannelLibrary.php(24): App\Libraries\LdapChannelLibrary::curlRequest(Array)
#5 /var/www/html/app/Controllers/CompanyController.php(77): App\Libraries\LdapChannelLibrary::createOrganization('server3', 'DC=test,DC=lab', '\xD0\xA0\xD0\xB0\xD0\xB1\xD0\xBE\xD1\x82\xD0\xB0')
#6 /var/www/html/system/CodeIgniter.php(824): App\Controllers\CompanyController->operation()
#7 /var/www/html/system/CodeIgniter.php(410): CodeIgniter\CodeIgniter->runController(Object(App\Controllers\CompanyController))
#8 /var/www/html/system/CodeIgniter.php(318): CodeIgniter\CodeIgniter->handleRequest(NULL, Object(Config\Cache), false)
#9 /var/www/html/public/index.php(38): CodeIgniter\CodeIgniter->run()
#10 {main}
CRITICAL - 2022-02-17 04:50:11 --> 7 : Failed to connect to 10.175.255.30 port 8085: Connection refused
#0 /var/www/html/system/HTTP/CURLRequest.php(656): CodeIgniter\HTTP\Exceptions\HTTPException::forCurlError('7', 'Failed to conne...')
#1 /var/www/html/system/HTTP/CURLRequest.php(364): CodeIgniter\HTTP\CURLRequest->sendRequest(Array)
#2 /var/www/html/system/HTTP/CURLRequest.php(140): CodeIgniter\HTTP\CURLRequest->send('POST', 'http://10.175.2...')
#3 /var/www/html/app/Libraries/LdapChannelLibrary.php(12): CodeIgniter\HTTP\CURLRequest->request('POST', 'http://10.175.2...', Array)
#4 /var/www/html/app/Libraries/LdapChannelLibrary.php(24): App\Libraries\LdapChannelLibrary::curlRequest(Array)
#5 /var/www/html/app/Controllers/CompanyController.php(77): App\Libraries\LdapChannelLibrary::createOrganization('server4', 'DC=test,DC=lab', '\xD0\xA0\xD0\xB0\xD0\xB1\xD0\xBE\xD1\x82\xD0\xB0')
#6 /var/www/html/system/CodeIgniter.php(824): App\Controllers\CompanyController->operation()
#7 /var/www/html/system/CodeIgniter.php(410): CodeIgniter\CodeIgniter->runController(Object(App\Controllers\CompanyController))
#8 /var/www/html/system/CodeIgniter.php(318): CodeIgniter\CodeIgniter->handleRequest(NULL, Object(Config\Cache), false)
#9 /var/www/html/public/index.php(38): CodeIgniter\CodeIgniter->run()
#10 {main}
CRITICAL - 2022-02-17 04:50:32 --> 7 : Failed to connect to 10.175.255.30 port 8085: Connection refused
#0 /var/www/html/system/HTTP/CURLRequest.php(656): CodeIgniter\HTTP\Exceptions\HTTPException::forCurlError('7', 'Failed to conne...')
#1 /var/www/html/system/HTTP/CURLRequest.php(364): CodeIgniter\HTTP\CURLRequest->sendRequest(Array)
#2 /var/www/html/system/HTTP/CURLRequest.php(140): CodeIgniter\HTTP\CURLRequest->send('POST', 'http://10.175.2...')
#3 /var/www/html/app/Libraries/LdapChannelLibrary.php(12): CodeIgniter\HTTP\CURLRequest->request('POST', 'http://10.175.2...', Array)
#4 /var/www/html/app/Libraries/LdapChannelLibrary.php(24): App\Libraries\LdapChannelLibrary::curlRequest(Array)
#5 /var/www/html/app/Controllers/CompanyController.php(77): App\Libraries\LdapChannelLibrary::createOrganization('server3', 'DC=test,DC=lab', '\xD0\xA0\xD0\xB0\xD0\xB1\xD0\xBE\xD1\x82\xD0\xB0')
#6 /var/www/html/system/CodeIgniter.php(824): App\Controllers\CompanyController->operation()
#7 /var/www/html/system/CodeIgniter.php(410): CodeIgniter\CodeIgniter->runController(Object(App\Controllers\CompanyController))
#8 /var/www/html/system/CodeIgniter.php(318): CodeIgniter\CodeIgniter->handleRequest(NULL, Object(Config\Cache), false)
#9 /var/www/html/public/index.php(38): CodeIgniter\CodeIgniter->run()
#10 {main}
CRITICAL - 2022-02-17 04:50:53 --> 7 : Failed to connect to 10.175.255.30 port 8085: Connection refused
#0 /var/www/html/system/HTTP/CURLRequest.php(656): CodeIgniter\HTTP\Exceptions\HTTPException::forCurlError('7', 'Failed to conne...')
#1 /var/www/html/system/HTTP/CURLRequest.php(364): CodeIgniter\HTTP\CURLRequest->sendRequest(Array)
#2 /var/www/html/system/HTTP/CURLRequest.php(140): CodeIgniter\HTTP\CURLRequest->send('POST', 'http://10.175.2...')
#3 /var/www/html/app/Libraries/LdapChannelLibrary.php(12): CodeIgniter\HTTP\CURLRequest->request('POST', 'http://10.175.2...', Array)
#4 /var/www/html/app/Libraries/LdapChannelLibrary.php(24): App\Libraries\LdapChannelLibrary::curlRequest(Array)
#5 /var/www/html/app/Controllers/CompanyController.php(77): App\Libraries\LdapChannelLibrary::createOrganization('server3', 'DC=test,DC=lab', '\xD0\xA0\xD0\xB0\xD0\xB1\xD0\xBE\xD1\x82\xD0\xB0')
#6 /var/www/html/system/CodeIgniter.php(824): App\Controllers\CompanyController->operation()
#7 /var/www/html/system/CodeIgniter.php(410): CodeIgniter\CodeIgniter->runController(Object(App\Controllers\CompanyController))
#8 /var/www/html/system/CodeIgniter.php(318): CodeIgniter\CodeIgniter->handleRequest(NULL, Object(Config\Cache), false)
#9 /var/www/html/public/index.php(38): CodeIgniter\CodeIgniter->run()
#10 {main}
CRITICAL - 2022-02-17 04:51:15 --> 7 : Failed to connect to 10.175.255.30 port 8085: Connection refused
#0 /var/www/html/system/HTTP/CURLRequest.php(656): CodeIgniter\HTTP\Exceptions\HTTPException::forCurlError('7', 'Failed to conne...')
#1 /var/www/html/system/HTTP/CURLRequest.php(364): CodeIgniter\HTTP\CURLRequest->sendRequest(Array)
#2 /var/www/html/system/HTTP/CURLRequest.php(140): CodeIgniter\HTTP\CURLRequest->send('POST', 'http://10.175.2...')
#3 /var/www/html/app/Libraries/LdapChannelLibrary.php(12): CodeIgniter\HTTP\CURLRequest->request('POST', 'http://10.175.2...', Array)
#4 /var/www/html/app/Libraries/LdapChannelLibrary.php(24): App\Libraries\LdapChannelLibrary::curlRequest(Array)
#5 /var/www/html/app/Controllers/CompanyController.php(77): App\Libraries\LdapChannelLibrary::createOrganization('server3', 'DC=test,DC=lab', '\xD0\xA0\xD0\xB0\xD0\xB1\xD0\xBE\xD1\x82\xD0\xB0')
#6 /var/www/html/system/CodeIgniter.php(824): App\Controllers\CompanyController->operation()
#7 /var/www/html/system/CodeIgniter.php(410): CodeIgniter\CodeIgniter->runController(Object(App\Controllers\CompanyController))
#8 /var/www/html/system/CodeIgniter.php(318): CodeIgniter\CodeIgniter->handleRequest(NULL, Object(Config\Cache), false)
#9 /var/www/html/public/index.php(38): CodeIgniter\CodeIgniter->run()
#10 {main}
CRITICAL - 2022-02-17 04:54:28 --> 52 : Empty reply from server
#0 /var/www/html/system/HTTP/CURLRequest.php(656): CodeIgniter\HTTP\Exceptions\HTTPException::forCurlError('52', 'Empty reply fro...')
#1 /var/www/html/system/HTTP/CURLRequest.php(364): CodeIgniter\HTTP\CURLRequest->sendRequest(Array)
#2 /var/www/html/system/HTTP/CURLRequest.php(140): CodeIgniter\HTTP\CURLRequest->send('POST', 'http://10.175.2...')
#3 /var/www/html/app/Libraries/LdapChannelLibrary.php(12): CodeIgniter\HTTP\CURLRequest->request('POST', 'http://10.175.2...', Array)
#4 /var/www/html/app/Libraries/LdapChannelLibrary.php(24): App\Libraries\LdapChannelLibrary::curlRequest(Array)
#5 /var/www/html/app/Controllers/CompanyController.php(77): App\Libraries\LdapChannelLibrary::createOrganization('server3', 'DC=test,DC=lab', '\xD0\xA0\xD0\xB0\xD0\xB1\xD0\xBE\xD1\x82\xD0\xB0')
#6 /var/www/html/system/CodeIgniter.php(824): App\Controllers\CompanyController->operation()
#7 /var/www/html/system/CodeIgniter.php(410): CodeIgniter\CodeIgniter->runController(Object(App\Controllers\CompanyController))
#8 /var/www/html/system/CodeIgniter.php(318): CodeIgniter\CodeIgniter->handleRequest(NULL, Object(Config\Cache), false)
#9 /var/www/html/public/index.php(38): CodeIgniter\CodeIgniter->run()
#10 {main}
CRITICAL - 2022-02-17 05:58:01 --> 52 : Empty reply from server
#0 /var/www/html/system/HTTP/CURLRequest.php(656): CodeIgniter\HTTP\Exceptions\HTTPException::forCurlError('52', 'Empty reply fro...')
#1 /var/www/html/system/HTTP/CURLRequest.php(364): CodeIgniter\HTTP\CURLRequest->sendRequest(Array)
#2 /var/www/html/system/HTTP/CURLRequest.php(140): CodeIgniter\HTTP\CURLRequest->send('POST', 'http://10.175.2...')
#3 /var/www/html/app/Libraries/LdapChannelLibrary.php(12): CodeIgniter\HTTP\CURLRequest->request('POST', 'http://10.175.2...', Array)
#4 /var/www/html/app/Libraries/LdapChannelLibrary.php(24): App\Libraries\LdapChannelLibrary::curlRequest(Array)
#5 /var/www/html/app/Controllers/CompanyController.php(82): App\Libraries\LdapChannelLibrary::createOrganization('server2', 'DC=test,DC=lab', '\xD0\xA0\xD0\xBE\xD0\xB3\xD0\xB0 \xD0\xB8 \xD0\x9A\xD0...')
#6 /var/www/html/system/CodeIgniter.php(824): App\Controllers\CompanyController->operation()
#7 /var/www/html/system/CodeIgniter.php(410): CodeIgniter\CodeIgniter->runController(Object(App\Controllers\CompanyController))
#8 /var/www/html/system/CodeIgniter.php(318): CodeIgniter\CodeIgniter->handleRequest(NULL, Object(Config\Cache), false)
#9 /var/www/html/public/index.php(38): CodeIgniter\CodeIgniter->run()
#10 {main}
CRITICAL - 2022-02-17 05:59:14 --> 52 : Empty reply from server
#0 /var/www/html/system/HTTP/CURLRequest.php(656): CodeIgniter\HTTP\Exceptions\HTTPException::forCurlError('52', 'Empty reply fro...')
#1 /var/www/html/system/HTTP/CURLRequest.php(364): CodeIgniter\HTTP\CURLRequest->sendRequest(Array)
#2 /var/www/html/system/HTTP/CURLRequest.php(140): CodeIgniter\HTTP\CURLRequest->send('POST', 'http://10.175.2...')
#3 /var/www/html/app/Libraries/LdapChannelLibrary.php(12): CodeIgniter\HTTP\CURLRequest->request('POST', 'http://10.175.2...', Array)
#4 /var/www/html/app/Libraries/LdapChannelLibrary.php(24): App\Libraries\LdapChannelLibrary::curlRequest(Array)
#5 /var/www/html/app/Controllers/CompanyController.php(82): App\Libraries\LdapChannelLibrary::createOrganization('server2', 'DC=test,DC=lab', '\xD0\xA0\xD0\xBE\xD0\xB3\xD0\xB0 \xD0\xB8 \xD0\x9A\xD0...')
#6 /var/www/html/system/CodeIgniter.php(824): App\Controllers\CompanyController->operation()
#7 /var/www/html/system/CodeIgniter.php(410): CodeIgniter\CodeIgniter->runController(Object(App\Controllers\CompanyController))
#8 /var/www/html/system/CodeIgniter.php(318): CodeIgniter\CodeIgniter->handleRequest(NULL, Object(Config\Cache), false)
#9 /var/www/html/public/index.php(38): CodeIgniter\CodeIgniter->run()
#10 {main}
CRITICAL - 2022-02-17 06:08:50 --> json_decode() expects parameter 1 to be string, object given
#0 [internal function]: CodeIgniter\Debug\Exceptions->errorHandler(2, 'json_decode() e...', '/var/www/html/a...', 84, Array)
#1 /var/www/html/app/Controllers/CompanyController.php(84): json_decode(Object(CodeIgniter\HTTP\Response))
#2 /var/www/html/system/CodeIgniter.php(824): App\Controllers\CompanyController->operation()
#3 /var/www/html/system/CodeIgniter.php(410): CodeIgniter\CodeIgniter->runController(Object(App\Controllers\CompanyController))
#4 /var/www/html/system/CodeIgniter.php(318): CodeIgniter\CodeIgniter->handleRequest(NULL, Object(Config\Cache), false)
#5 /var/www/html/public/index.php(38): CodeIgniter\CodeIgniter->run()
#6 {main}
CRITICAL - 2022-02-17 06:12:48 --> json_decode() expects parameter 1 to be string, object given
#0 [internal function]: CodeIgniter\Debug\Exceptions->errorHandler(2, 'json_decode() e...', '/var/www/html/a...', 85, Array)
#1 /var/www/html/app/Controllers/CompanyController.php(85): json_decode(Object(CodeIgniter\HTTP\Response))
#2 /var/www/html/system/CodeIgniter.php(824): App\Controllers\CompanyController->operation()
#3 /var/www/html/system/CodeIgniter.php(410): CodeIgniter\CodeIgniter->runController(Object(App\Controllers\CompanyController))
#4 /var/www/html/system/CodeIgniter.php(318): CodeIgniter\CodeIgniter->handleRequest(NULL, Object(Config\Cache), false)
#5 /var/www/html/public/index.php(38): CodeIgniter\CodeIgniter->run()
#6 {main}
CRITICAL - 2022-02-17 07:49:28 --> Call to a member function getBody() on null
#0 /var/www/html/system/CodeIgniter.php(824): App\Controllers\UserController->operation()
#1 /var/www/html/system/CodeIgniter.php(410): CodeIgniter\CodeIgniter->runController(Object(App\Controllers\UserController))
#2 /var/www/html/system/CodeIgniter.php(318): CodeIgniter\CodeIgniter->handleRequest(NULL, Object(Config\Cache), false)
#3 /var/www/html/public/index.php(38): CodeIgniter\CodeIgniter->run()
#4 {main}
CRITICAL - 2022-02-17 07:51:32 --> json_decode() expects parameter 1 to be string, object given
#0 [internal function]: CodeIgniter\Debug\Exceptions->errorHandler(2, 'json_decode() e...', '/var/www/html/a...', 172, Array)
#1 /var/www/html/app/Controllers/UserController.php(172): json_decode(Object(CodeIgniter\HTTP\Response))
#2 /var/www/html/system/CodeIgniter.php(824): App\Controllers\UserController->operation()
#3 /var/www/html/system/CodeIgniter.php(410): CodeIgniter\CodeIgniter->runController(Object(App\Controllers\UserController))
#4 /var/www/html/system/CodeIgniter.php(318): CodeIgniter\CodeIgniter->handleRequest(NULL, Object(Config\Cache), false)
#5 /var/www/html/public/index.php(38): CodeIgniter\CodeIgniter->run()
#6 {main}
CRITICAL - 2022-02-17 07:51:33 --> json_decode() expects parameter 1 to be string, object given
#0 [internal function]: CodeIgniter\Debug\Exceptions->errorHandler(2, 'json_decode() e...', '/var/www/html/a...', 172, Array)
#1 /var/www/html/app/Controllers/UserController.php(172): json_decode(Object(CodeIgniter\HTTP\Response))
#2 /var/www/html/system/CodeIgniter.php(824): App\Controllers\UserController->operation()
#3 /var/www/html/system/CodeIgniter.php(410): CodeIgniter\CodeIgniter->runController(Object(App\Controllers\UserController))
#4 /var/www/html/system/CodeIgniter.php(318): CodeIgniter\CodeIgniter->handleRequest(NULL, Object(Config\Cache), false)
#5 /var/www/html/public/index.php(38): CodeIgniter\CodeIgniter->run()
#6 {main}
CRITICAL - 2022-02-17 11:12:45 --> 7 : Failed to connect to 10.175.255.30 port 8085: Connection refused
#0 /var/www/html/system/HTTP/CURLRequest.php(656): CodeIgniter\HTTP\Exceptions\HTTPException::forCurlError('7', 'Failed to conne...')
#1 /var/www/html/system/HTTP/CURLRequest.php(364): CodeIgniter\HTTP\CURLRequest->sendRequest(Array)
#2 /var/www/html/system/HTTP/CURLRequest.php(140): CodeIgniter\HTTP\CURLRequest->send('POST', 'http://10.175.2...')
#3 /var/www/html/app/Libraries/LdapChannelLibrary.php(12): CodeIgniter\HTTP\CURLRequest->request('POST', 'http://10.175.2...', Array)
#4 /var/www/html/app/Libraries/LdapChannelLibrary.php(47): App\Libraries\LdapChannelLibrary::curlRequest(Array)
#5 /var/www/html/app/Controllers/UserController.php(164): App\Libraries\LdapChannelLibrary::createUser('test.lab', 'OU=\xD0\xBA\xD0\xBE\xD0\xB7\xD0\xB08 - ...', NULL, NULL, NULL)
#6 /var/www/html/system/CodeIgniter.php(824): App\Controllers\UserController->operation()
#7 /var/www/html/system/CodeIgniter.php(410): CodeIgniter\CodeIgniter->runController(Object(App\Controllers\UserController))
#8 /var/www/html/system/CodeIgniter.php(318): CodeIgniter\CodeIgniter->handleRequest(NULL, Object(Config\Cache), false)
#9 /var/www/html/public/index.php(38): CodeIgniter\CodeIgniter->run()
#10 {main}
CRITICAL - 2022-02-17 11:13:22 --> 7 : Failed to connect to 10.175.255.30 port 8085: Connection refused
#0 /var/www/html/system/HTTP/CURLRequest.php(656): CodeIgniter\HTTP\Exceptions\HTTPException::forCurlError('7', 'Failed to conne...')
#1 /var/www/html/system/HTTP/CURLRequest.php(364): CodeIgniter\HTTP\CURLRequest->sendRequest(Array)
#2 /var/www/html/system/HTTP/CURLRequest.php(140): CodeIgniter\HTTP\CURLRequest->send('POST', 'http://10.175.2...')
#3 /var/www/html/app/Libraries/LdapChannelLibrary.php(12): CodeIgniter\HTTP\CURLRequest->request('POST', 'http://10.175.2...', Array)
#4 /var/www/html/app/Libraries/LdapChannelLibrary.php(47): App\Libraries\LdapChannelLibrary::curlRequest(Array)
#5 /var/www/html/app/Controllers/UserController.php(164): App\Libraries\LdapChannelLibrary::createUser('test.lab', 'OU=\xD0\xBA\xD0\xBE\xD0\xB7\xD0\xB08 - ...', NULL, NULL, NULL)
#6 /var/www/html/system/CodeIgniter.php(824): App\Controllers\UserController->operation()
#7 /var/www/html/system/CodeIgniter.php(410): CodeIgniter\CodeIgniter->runController(Object(App\Controllers\UserController))
#8 /var/www/html/system/CodeIgniter.php(318): CodeIgniter\CodeIgniter->handleRequest(NULL, Object(Config\Cache), false)
#9 /var/www/html/public/index.php(38): CodeIgniter\CodeIgniter->run()
#10 {main}
CRITICAL - 2022-02-17 11:16:03 --> Call to undefined method App\Models\User::getPost
#0 /var/www/html/app/Controllers/UserController.php(157): CodeIgniter\Model->__call('getPost', Array)
#1 /var/www/html/system/CodeIgniter.php(824): App\Controllers\UserController->operation()
#2 /var/www/html/system/CodeIgniter.php(410): CodeIgniter\CodeIgniter->runController(Object(App\Controllers\UserController))
#3 /var/www/html/system/CodeIgniter.php(318): CodeIgniter\CodeIgniter->handleRequest(NULL, Object(Config\Cache), false)
#4 /var/www/html/public/index.php(38): CodeIgniter\CodeIgniter->run()
#5 {main}
CRITICAL - 2022-02-17 11:16:18 --> Call to undefined method App\Models\User::getPost
#0 /var/www/html/app/Controllers/UserController.php(157): CodeIgniter\Model->__call('getPost', Array)
#1 /var/www/html/system/CodeIgniter.php(824): App\Controllers\UserController->operation()
#2 /var/www/html/system/CodeIgniter.php(410): CodeIgniter\CodeIgniter->runController(Object(App\Controllers\UserController))
#3 /var/www/html/system/CodeIgniter.php(318): CodeIgniter\CodeIgniter->handleRequest(NULL, Object(Config\Cache), false)
#4 /var/www/html/public/index.php(38): CodeIgniter\CodeIgniter->run()
#5 {main}
CRITICAL - 2022-02-17 11:16:22 --> Call to undefined method App\Models\User::getPost
#0 /var/www/html/app/Controllers/UserController.php(157): CodeIgniter\Model->__call('getPost', Array)
#1 /var/www/html/system/CodeIgniter.php(824): App\Controllers\UserController->operation()
#2 /var/www/html/system/CodeIgniter.php(410): CodeIgniter\CodeIgniter->runController(Object(App\Controllers\UserController))
#3 /var/www/html/system/CodeIgniter.php(318): CodeIgniter\CodeIgniter->handleRequest(NULL, Object(Config\Cache), false)
#4 /var/www/html/public/index.php(38): CodeIgniter\CodeIgniter->run()
#5 {main}
CRITICAL - 2022-02-17 11:17:44 --> 7 : Failed to connect to 10.175.255.30 port 8085: Connection refused
#0 /var/www/html/system/HTTP/CURLRequest.php(656): CodeIgniter\HTTP\Exceptions\HTTPException::forCurlError('7', 'Failed to conne...')
#1 /var/www/html/system/HTTP/CURLRequest.php(364): CodeIgniter\HTTP\CURLRequest->sendRequest(Array)
#2 /var/www/html/system/HTTP/CURLRequest.php(140): CodeIgniter\HTTP\CURLRequest->send('POST', 'http://10.175.2...')
#3 /var/www/html/app/Libraries/LdapChannelLibrary.php(12): CodeIgniter\HTTP\CURLRequest->request('POST', 'http://10.175.2...', Array)
#4 /var/www/html/app/Libraries/LdapChannelLibrary.php(47): App\Libraries\LdapChannelLibrary::curlRequest(Array)
#5 /var/www/html/app/Controllers/UserController.php(164): App\Libraries\LdapChannelLibrary::createUser('test.lab', 'OU=\xD0\xBA\xD0\xBE\xD0\xB7\xD0\xB08 - ...', 'drgfdgf', '+7-123-456-7890', 'sfd@rgfsgv')
#6 /var/www/html/system/CodeIgniter.php(824): App\Controllers\UserController->operation()
#7 /var/www/html/system/CodeIgniter.php(410): CodeIgniter\CodeIgniter->runController(Object(App\Controllers\UserController))
#8 /var/www/html/system/CodeIgniter.php(318): CodeIgniter\CodeIgniter->handleRequest(NULL, Object(Config\Cache), false)
#9 /var/www/html/public/index.php(38): CodeIgniter\CodeIgniter->run()
#10 {main}
CRITICAL - 2022-02-17 11:18:23 --> 7 : Failed to connect to 10.175.255.30 port 8085: Connection refused
#0 /var/www/html/system/HTTP/CURLRequest.php(656): CodeIgniter\HTTP\Exceptions\HTTPException::forCurlError('7', 'Failed to conne...')
#1 /var/www/html/system/HTTP/CURLRequest.php(364): CodeIgniter\HTTP\CURLRequest->sendRequest(Array)
#2 /var/www/html/system/HTTP/CURLRequest.php(140): CodeIgniter\HTTP\CURLRequest->send('POST', 'http://10.175.2...')
#3 /var/www/html/app/Libraries/LdapChannelLibrary.php(12): CodeIgniter\HTTP\CURLRequest->request('POST', 'http://10.175.2...', Array)
#4 /var/www/html/app/Libraries/LdapChannelLibrary.php(47): App\Libraries\LdapChannelLibrary::curlRequest(Array)
#5 /var/www/html/app/Controllers/UserController.php(164): App\Libraries\LdapChannelLibrary::createUser('test.lab', 'OU=\xD0\xBA\xD0\xBE\xD0\xB7\xD0\xB08 - ...', 'drgfdgf', '+7-123-456-7890', 'sfd@rgfsgv')
#6 /var/www/html/system/CodeIgniter.php(824): App\Controllers\UserController->operation()
#7 /var/www/html/system/CodeIgniter.php(410): CodeIgniter\CodeIgniter->runController(Object(App\Controllers\UserController))
#8 /var/www/html/system/CodeIgniter.php(318): CodeIgniter\CodeIgniter->handleRequest(NULL, Object(Config\Cache), false)
#9 /var/www/html/public/index.php(38): CodeIgniter\CodeIgniter->run()
#10 {main}
CRITICAL - 2022-02-17 11:19:32 --> 7 : Failed to connect to 10.175.255.30 port 8085: Connection refused
#0 /var/www/html/system/HTTP/CURLRequest.php(656): CodeIgniter\HTTP\Exceptions\HTTPException::forCurlError('7', 'Failed to conne...')
#1 /var/www/html/system/HTTP/CURLRequest.php(364): CodeIgniter\HTTP\CURLRequest->sendRequest(Array)
#2 /var/www/html/system/HTTP/CURLRequest.php(140): CodeIgniter\HTTP\CURLRequest->send('POST', 'http://10.175.2...')
#3 /var/www/html/app/Libraries/LdapChannelLibrary.php(12): CodeIgniter\HTTP\CURLRequest->request('POST', 'http://10.175.2...', Array)
#4 /var/www/html/app/Libraries/LdapChannelLibrary.php(47): App\Libraries\LdapChannelLibrary::curlRequest(Array)
#5 /var/www/html/app/Controllers/UserController.php(164): App\Libraries\LdapChannelLibrary::createUser('test.lab', 'OU=\xD0\xBA\xD0\xBE\xD0\xB7\xD0\xB08 - ...', 'drgfdgf', '+7-123-456-7890', 'sfd@rgfsgv')
#6 /var/www/html/system/CodeIgniter.php(824): App\Controllers\UserController->operation()
#7 /var/www/html/system/CodeIgniter.php(410): CodeIgniter\CodeIgniter->runController(Object(App\Controllers\UserController))
#8 /var/www/html/system/CodeIgniter.php(318): CodeIgniter\CodeIgniter->handleRequest(NULL, Object(Config\Cache), false)
#9 /var/www/html/public/index.php(38): CodeIgniter\CodeIgniter->run()
#10 {main}
CRITICAL - 2022-02-17 11:23:47 --> 7 : Failed to connect to 10.175.255.30 port 8085: Connection refused
#0 /var/www/html/system/HTTP/CURLRequest.php(656): CodeIgniter\HTTP\Exceptions\HTTPException::forCurlError('7', 'Failed to conne...')
#1 /var/www/html/system/HTTP/CURLRequest.php(364): CodeIgniter\HTTP\CURLRequest->sendRequest(Array)
#2 /var/www/html/system/HTTP/CURLRequest.php(140): CodeIgniter\HTTP\CURLRequest->send('POST', 'http://10.175.2...')
#3 /var/www/html/app/Libraries/LdapChannelLibrary.php(12): CodeIgniter\HTTP\CURLRequest->request('POST', 'http://10.175.2...', Array)
#4 /var/www/html/app/Libraries/LdapChannelLibrary.php(47): App\Libraries\LdapChannelLibrary::curlRequest(Array)
#5 /var/www/html/app/Controllers/UserController.php(165): App\Libraries\LdapChannelLibrary::createUser('drgfdgf', '+7-123-456-7890', 'sfd@rgfsgv', 'OU=\xD0\xBA\xD0\xBE\xD0\xB7\xD0\xB08 - ...', 'test.lab')
#6 /var/www/html/system/CodeIgniter.php(824): App\Controllers\UserController->operation()
#7 /var/www/html/system/CodeIgniter.php(410): CodeIgniter\CodeIgniter->runController(Object(App\Controllers\UserController))
#8 /var/www/html/system/CodeIgniter.php(318): CodeIgniter\CodeIgniter->handleRequest(NULL, Object(Config\Cache), false)
#9 /var/www/html/public/index.php(38): CodeIgniter\CodeIgniter->run()
#10 {main}
CRITICAL - 2022-02-17 11:23:52 --> 7 : Failed to connect to 10.175.255.30 port 8085: Connection refused
#0 /var/www/html/system/HTTP/CURLRequest.php(656): CodeIgniter\HTTP\Exceptions\HTTPException::forCurlError('7', 'Failed to conne...')
#1 /var/www/html/system/HTTP/CURLRequest.php(364): CodeIgniter\HTTP\CURLRequest->sendRequest(Array)
#2 /var/www/html/system/HTTP/CURLRequest.php(140): CodeIgniter\HTTP\CURLRequest->send('POST', 'http://10.175.2...')
#3 /var/www/html/app/Libraries/LdapChannelLibrary.php(12): CodeIgniter\HTTP\CURLRequest->request('POST', 'http://10.175.2...', Array)
#4 /var/www/html/app/Libraries/LdapChannelLibrary.php(47): App\Libraries\LdapChannelLibrary::curlRequest(Array)
#5 /var/www/html/app/Controllers/UserController.php(165): App\Libraries\LdapChannelLibrary::createUser('drgfdgf', '+7-123-456-7890', 'sfd@rgfsgv', 'OU=\xD0\xBA\xD0\xBE\xD0\xB7\xD0\xB08 - ...', 'test.lab')
#6 /var/www/html/system/CodeIgniter.php(824): App\Controllers\UserController->operation()
#7 /var/www/html/system/CodeIgniter.php(410): CodeIgniter\CodeIgniter->runController(Object(App\Controllers\UserController))
#8 /var/www/html/system/CodeIgniter.php(318): CodeIgniter\CodeIgniter->handleRequest(NULL, Object(Config\Cache), false)
#9 /var/www/html/public/index.php(38): CodeIgniter\CodeIgniter->run()
#10 {main}
CRITICAL - 2022-02-17 11:23:55 --> 7 : Failed to connect to 10.175.255.30 port 8085: Connection refused
#0 /var/www/html/system/HTTP/CURLRequest.php(656): CodeIgniter\HTTP\Exceptions\HTTPException::forCurlError('7', 'Failed to conne...')
#1 /var/www/html/system/HTTP/CURLRequest.php(364): CodeIgniter\HTTP\CURLRequest->sendRequest(Array)
#2 /var/www/html/system/HTTP/CURLRequest.php(140): CodeIgniter\HTTP\CURLRequest->send('POST', 'http://10.175.2...')
#3 /var/www/html/app/Libraries/LdapChannelLibrary.php(12): CodeIgniter\HTTP\CURLRequest->request('POST', 'http://10.175.2...', Array)
#4 /var/www/html/app/Libraries/LdapChannelLibrary.php(47): App\Libraries\LdapChannelLibrary::curlRequest(Array)
#5 /var/www/html/app/Controllers/UserController.php(165): App\Libraries\LdapChannelLibrary::createUser('drgfdgf', '+7-123-456-7890', 'sfd@rgfsgv', 'OU=\xD0\xBA\xD0\xBE\xD0\xB7\xD0\xB08 - ...', 'test.lab')
#6 /var/www/html/system/CodeIgniter.php(824): App\Controllers\UserController->operation()
#7 /var/www/html/system/CodeIgniter.php(410): CodeIgniter\CodeIgniter->runController(Object(App\Controllers\UserController))
#8 /var/www/html/system/CodeIgniter.php(318): CodeIgniter\CodeIgniter->handleRequest(NULL, Object(Config\Cache), false)
#9 /var/www/html/public/index.php(38): CodeIgniter\CodeIgniter->run()
#10 {main}
