ERROR - 2022-02-04 03:28:00 --> Unknown column 'invoice_num' in 'field list'
CRITICAL - 2022-02-04 04:26:18 --> Invalid argument supplied for foreach()
#0 /var/www/html/app/Views/dashboard/users.php(68): CodeIgniter\Debug\Exceptions->errorHandler(2, 'Invalid argumen...', '/var/www/html/a...', 68, Array)
#1 /var/www/html/system/View/View.php(214): include('/var/www/html/a...')
#2 /var/www/html/system/View/View.php(217): CodeIgniter\View\View->CodeIgniter\View\{closure}()
#3 /var/www/html/system/Common.php(1097): CodeIgniter\View\View->render('dashboard/users', Array, true)
#4 /var/www/html/app/Controllers/GroupPolicyController.php(46): view('dashboard/users', Array)
#5 /var/www/html/system/CodeIgniter.php(824): App\Controllers\GroupPolicyController->index()
#6 /var/www/html/system/CodeIgniter.php(410): CodeIgniter\CodeIgniter->runController(Object(App\Controllers\GroupPolicyController))
#7 /var/www/html/system/CodeIgniter.php(318): CodeIgniter\CodeIgniter->handleRequest(NULL, Object(Config\Cache), false)
#8 /var/www/html/public/index.php(38): CodeIgniter\CodeIgniter->run()
#9 {main}
CRITICAL - 2022-02-04 04:31:34 --> Invalid argument supplied for foreach()
#0 /var/www/html/app/Views/dashboard/groupPolicy.php(82): CodeIgniter\Debug\Exceptions->errorHandler(2, 'Invalid argumen...', '/var/www/html/a...', 82, Array)
#1 /var/www/html/system/View/View.php(214): include('/var/www/html/a...')
#2 /var/www/html/system/View/View.php(217): CodeIgniter\View\View->CodeIgniter\View\{closure}()
#3 /var/www/html/system/Common.php(1097): CodeIgniter\View\View->render('dashboard/group...', Array, true)
#4 /var/www/html/app/Controllers/GroupPolicyController.php(46): view('dashboard/group...', Array)
#5 /var/www/html/system/CodeIgniter.php(824): App\Controllers\GroupPolicyController->index()
#6 /var/www/html/system/CodeIgniter.php(410): CodeIgniter\CodeIgniter->runController(Object(App\Controllers\GroupPolicyController))
#7 /var/www/html/system/CodeIgniter.php(318): CodeIgniter\CodeIgniter->handleRequest(NULL, Object(Config\Cache), false)
#8 /var/www/html/public/index.php(38): CodeIgniter\CodeIgniter->run()
#9 {main}
CRITICAL - 2022-02-04 04:31:37 --> Invalid argument supplied for foreach()
#0 /var/www/html/app/Views/dashboard/groupPolicy.php(82): CodeIgniter\Debug\Exceptions->errorHandler(2, 'Invalid argumen...', '/var/www/html/a...', 82, Array)
#1 /var/www/html/system/View/View.php(214): include('/var/www/html/a...')
#2 /var/www/html/system/View/View.php(217): CodeIgniter\View\View->CodeIgniter\View\{closure}()
#3 /var/www/html/system/Common.php(1097): CodeIgniter\View\View->render('dashboard/group...', Array, true)
#4 /var/www/html/app/Controllers/GroupPolicyController.php(46): view('dashboard/group...', Array)
#5 /var/www/html/system/CodeIgniter.php(824): App\Controllers\GroupPolicyController->index()
#6 /var/www/html/system/CodeIgniter.php(410): CodeIgniter\CodeIgniter->runController(Object(App\Controllers\GroupPolicyController))
#7 /var/www/html/system/CodeIgniter.php(318): CodeIgniter\CodeIgniter->handleRequest(NULL, Object(Config\Cache), false)
#8 /var/www/html/public/index.php(38): CodeIgniter\CodeIgniter->run()
#9 {main}
CRITICAL - 2022-02-04 04:35:24 --> Invalid argument supplied for foreach()
#0 /var/www/html/app/Views/dashboard/groupPolicy.php(82): CodeIgniter\Debug\Exceptions->errorHandler(2, 'Invalid argumen...', '/var/www/html/a...', 82, Array)
#1 /var/www/html/system/View/View.php(214): include('/var/www/html/a...')
#2 /var/www/html/system/View/View.php(217): CodeIgniter\View\View->CodeIgniter\View\{closure}()
#3 /var/www/html/system/Common.php(1097): CodeIgniter\View\View->render('dashboard/group...', Array, true)
#4 /var/www/html/app/Controllers/GroupPolicyController.php(46): view('dashboard/group...', Array)
#5 /var/www/html/system/CodeIgniter.php(824): App\Controllers\GroupPolicyController->index()
#6 /var/www/html/system/CodeIgniter.php(410): CodeIgniter\CodeIgniter->runController(Object(App\Controllers\GroupPolicyController))
#7 /var/www/html/system/CodeIgniter.php(318): CodeIgniter\CodeIgniter->handleRequest(NULL, Object(Config\Cache), false)
#8 /var/www/html/public/index.php(38): CodeIgniter\CodeIgniter->run()
#9 {main}
CRITICAL - 2022-02-04 04:37:41 --> Invalid argument supplied for foreach()
#0 /var/www/html/app/Views/dashboard/groupPolicy.php(81): CodeIgniter\Debug\Exceptions->errorHandler(2, 'Invalid argumen...', '/var/www/html/a...', 81, Array)
#1 /var/www/html/system/View/View.php(214): include('/var/www/html/a...')
#2 /var/www/html/system/View/View.php(217): CodeIgniter\View\View->CodeIgniter\View\{closure}()
#3 /var/www/html/system/Common.php(1097): CodeIgniter\View\View->render('dashboard/group...', Array, true)
#4 /var/www/html/app/Controllers/GroupPolicyController.php(46): view('dashboard/group...', Array)
#5 /var/www/html/system/CodeIgniter.php(824): App\Controllers\GroupPolicyController->index()
#6 /var/www/html/system/CodeIgniter.php(410): CodeIgniter\CodeIgniter->runController(Object(App\Controllers\GroupPolicyController))
#7 /var/www/html/system/CodeIgniter.php(318): CodeIgniter\CodeIgniter->handleRequest(NULL, Object(Config\Cache), false)
#8 /var/www/html/public/index.php(38): CodeIgniter\CodeIgniter->run()
#9 {main}
CRITICAL - 2022-02-04 04:48:18 --> Invalid argument supplied for foreach()
#0 /var/www/html/app/Views/dashboard/groupPolicy.php(80): CodeIgniter\Debug\Exceptions->errorHandler(2, 'Invalid argumen...', '/var/www/html/a...', 80, Array)
#1 /var/www/html/system/View/View.php(214): include('/var/www/html/a...')
#2 /var/www/html/system/View/View.php(217): CodeIgniter\View\View->CodeIgniter\View\{closure}()
#3 /var/www/html/system/Common.php(1097): CodeIgniter\View\View->render('dashboard/group...', Array, true)
#4 /var/www/html/app/Controllers/GroupPolicyController.php(100): view('dashboard/group...', Array)
#5 /var/www/html/system/CodeIgniter.php(824): App\Controllers\GroupPolicyController->operation()
#6 /var/www/html/system/CodeIgniter.php(410): CodeIgniter\CodeIgniter->runController(Object(App\Controllers\GroupPolicyController))
#7 /var/www/html/system/CodeIgniter.php(318): CodeIgniter\CodeIgniter->handleRequest(NULL, Object(Config\Cache), false)
#8 /var/www/html/public/index.php(38): CodeIgniter\CodeIgniter->run()
#9 {main}
ERROR - 2022-02-04 04:49:34 --> Column 'group_name' cannot be null
CRITICAL - 2022-02-04 04:50:22 --> Invalid argument supplied for foreach()
#0 /var/www/html/app/Views/dashboard/groupPolicy.php(80): CodeIgniter\Debug\Exceptions->errorHandler(2, 'Invalid argumen...', '/var/www/html/a...', 80, Array)
#1 /var/www/html/system/View/View.php(214): include('/var/www/html/a...')
#2 /var/www/html/system/View/View.php(217): CodeIgniter\View\View->CodeIgniter\View\{closure}()
#3 /var/www/html/system/Common.php(1097): CodeIgniter\View\View->render('dashboard/group...', Array, true)
#4 /var/www/html/app/Controllers/GroupPolicyController.php(100): view('dashboard/group...', Array)
#5 /var/www/html/system/CodeIgniter.php(824): App\Controllers\GroupPolicyController->operation()
#6 /var/www/html/system/CodeIgniter.php(410): CodeIgniter\CodeIgniter->runController(Object(App\Controllers\GroupPolicyController))
#7 /var/www/html/system/CodeIgniter.php(318): CodeIgniter\CodeIgniter->handleRequest(NULL, Object(Config\Cache), false)
#8 /var/www/html/public/index.php(38): CodeIgniter\CodeIgniter->run()
#9 {main}
CRITICAL - 2022-02-04 04:52:44 --> Invalid argument supplied for foreach()
#0 /var/www/html/app/Views/dashboard/groupPolicy.php(80): CodeIgniter\Debug\Exceptions->errorHandler(2, 'Invalid argumen...', '/var/www/html/a...', 80, Array)
#1 /var/www/html/system/View/View.php(214): include('/var/www/html/a...')
#2 /var/www/html/system/View/View.php(217): CodeIgniter\View\View->CodeIgniter\View\{closure}()
#3 /var/www/html/system/Common.php(1097): CodeIgniter\View\View->render('dashboard/group...', Array, true)
#4 /var/www/html/app/Controllers/GroupPolicyController.php(100): view('dashboard/group...', Array)
#5 /var/www/html/system/CodeIgniter.php(824): App\Controllers\GroupPolicyController->operation()
#6 /var/www/html/system/CodeIgniter.php(410): CodeIgniter\CodeIgniter->runController(Object(App\Controllers\GroupPolicyController))
#7 /var/www/html/system/CodeIgniter.php(318): CodeIgniter\CodeIgniter->handleRequest(NULL, Object(Config\Cache), false)
#8 /var/www/html/public/index.php(38): CodeIgniter\CodeIgniter->run()
#9 {main}
CRITICAL - 2022-02-04 04:58:27 --> Invalid argument supplied for foreach()
#0 /var/www/html/app/Views/dashboard/groupPolicy.php(82): CodeIgniter\Debug\Exceptions->errorHandler(2, 'Invalid argumen...', '/var/www/html/a...', 82, Array)
#1 /var/www/html/system/View/View.php(214): include('/var/www/html/a...')
#2 /var/www/html/system/View/View.php(217): CodeIgniter\View\View->CodeIgniter\View\{closure}()
#3 /var/www/html/system/Common.php(1097): CodeIgniter\View\View->render('dashboard/group...', Array, true)
#4 /var/www/html/app/Controllers/GroupPolicyController.php(100): view('dashboard/group...', Array)
#5 /var/www/html/system/CodeIgniter.php(824): App\Controllers\GroupPolicyController->operation()
#6 /var/www/html/system/CodeIgniter.php(410): CodeIgniter\CodeIgniter->runController(Object(App\Controllers\GroupPolicyController))
#7 /var/www/html/system/CodeIgniter.php(318): CodeIgniter\CodeIgniter->handleRequest(NULL, Object(Config\Cache), false)
#8 /var/www/html/public/index.php(38): CodeIgniter\CodeIgniter->run()
#9 {main}
ERROR - 2022-02-04 05:00:39 --> Column 'group_name' cannot be null
