ERROR - 2022-01-19 00:37:02 --> Unknown column 'fornicator@qwe' in 'field list'
ERROR - 2022-01-19 01:14:05 --> Duplicate entry '54' for key 'serverList.PRIMARY'
ERROR - 2022-01-19 01:14:17 --> Duplicate entry '54' for key 'serverList.PRIMARY'
ERROR - 2022-01-19 01:15:35 --> Duplicate entry '21' for key 'serverList.PRIMARY'
ERROR - 2022-01-19 04:57:27 --> Duplicate entry '21' for key 'serverList.PRIMARY'
ERROR - 2022-01-19 04:58:23 --> Duplicate entry '54' for key 'serverList.PRIMARY'
ERROR - 2022-01-19 04:58:36 --> Duplicate entry '54' for key 'serverList.PRIMARY'
ERROR - 2022-01-19 05:16:45 --> Duplicate entry '60' for key 'serverList.PRIMARY'
ERROR - 2022-01-19 11:23:13 --> Table 'ldap.invoices' doesn't exist
CRITICAL - 2022-01-19 11:23:13 --> Call to a member function getResultArray() on bool
#0 /var/www/html/app/Controllers/InvoiceController.php(34): App\Controllers\InvoiceController->getAllinvoice()
#1 /var/www/html/system/CodeIgniter.php(824): App\Controllers\InvoiceController->index()
#2 /var/www/html/system/CodeIgniter.php(410): CodeIgniter\CodeIgniter->runController(Object(App\Controllers\InvoiceController))
#3 /var/www/html/system/CodeIgniter.php(318): CodeIgniter\CodeIgniter->handleRequest(NULL, Object(Config\Cache), false)
#4 /var/www/html/public/index.php(38): CodeIgniter\CodeIgniter->run()
#5 {main}
ERROR - 2022-01-19 11:23:17 --> Table 'ldap.invoices' doesn't exist
CRITICAL - 2022-01-19 11:23:17 --> Call to a member function getResultArray() on bool
#0 /var/www/html/app/Controllers/InvoiceController.php(34): App\Controllers\InvoiceController->getAllinvoice()
#1 /var/www/html/system/CodeIgniter.php(824): App\Controllers\InvoiceController->index()
#2 /var/www/html/system/CodeIgniter.php(410): CodeIgniter\CodeIgniter->runController(Object(App\Controllers\InvoiceController))
#3 /var/www/html/system/CodeIgniter.php(318): CodeIgniter\CodeIgniter->handleRequest(NULL, Object(Config\Cache), false)
#4 /var/www/html/public/index.php(38): CodeIgniter\CodeIgniter->run()
#5 {main}
ERROR - 2022-01-19 11:23:21 --> Table 'ldap.invoices' doesn't exist
CRITICAL - 2022-01-19 11:23:21 --> Call to a member function getResultArray() on bool
#0 /var/www/html/app/Controllers/InvoiceController.php(34): App\Controllers\InvoiceController->getAllinvoice()
#1 /var/www/html/system/CodeIgniter.php(824): App\Controllers\InvoiceController->index()
#2 /var/www/html/system/CodeIgniter.php(410): CodeIgniter\CodeIgniter->runController(Object(App\Controllers\InvoiceController))
#3 /var/www/html/system/CodeIgniter.php(318): CodeIgniter\CodeIgniter->handleRequest(NULL, Object(Config\Cache), false)
#4 /var/www/html/public/index.php(38): CodeIgniter\CodeIgniter->run()
#5 {main}
ERROR - 2022-01-19 11:23:28 --> Table 'ldap.invoices' doesn't exist
CRITICAL - 2022-01-19 11:23:28 --> Call to a member function getResultArray() on bool
#0 /var/www/html/app/Controllers/InvoiceController.php(34): App\Controllers\InvoiceController->getAllinvoice()
#1 /var/www/html/system/CodeIgniter.php(824): App\Controllers\InvoiceController->index()
#2 /var/www/html/system/CodeIgniter.php(410): CodeIgniter\CodeIgniter->runController(Object(App\Controllers\InvoiceController))
#3 /var/www/html/system/CodeIgniter.php(318): CodeIgniter\CodeIgniter->handleRequest(NULL, Object(Config\Cache), false)
#4 /var/www/html/public/index.php(38): CodeIgniter\CodeIgniter->run()
#5 {main}
ERROR - 2022-01-19 11:30:28 --> Table 'ldap.invoices' doesn't exist
CRITICAL - 2022-01-19 11:30:28 --> Call to a member function getResultArray() on bool
#0 /var/www/html/app/Controllers/InvoiceController.php(34): App\Controllers\InvoiceController->getAllinvoice()
#1 /var/www/html/system/CodeIgniter.php(824): App\Controllers\InvoiceController->index()
#2 /var/www/html/system/CodeIgniter.php(410): CodeIgniter\CodeIgniter->runController(Object(App\Controllers\InvoiceController))
#3 /var/www/html/system/CodeIgniter.php(318): CodeIgniter\CodeIgniter->handleRequest(NULL, Object(Config\Cache), false)
#4 /var/www/html/public/index.php(38): CodeIgniter\CodeIgniter->run()
#5 {main}
ERROR - 2022-01-19 11:55:51 --> Table 'ldap.invoices' doesn't exist
CRITICAL - 2022-01-19 11:55:51 --> Call to a member function getResultArray() on bool
#0 /var/www/html/app/Controllers/InvoiceController.php(34): App\Controllers\InvoiceController->getAllinvoice()
#1 /var/www/html/system/CodeIgniter.php(824): App\Controllers\InvoiceController->index()
#2 /var/www/html/system/CodeIgniter.php(410): CodeIgniter\CodeIgniter->runController(Object(App\Controllers\InvoiceController))
#3 /var/www/html/system/CodeIgniter.php(318): CodeIgniter\CodeIgniter->handleRequest(NULL, Object(Config\Cache), false)
#4 /var/www/html/public/index.php(38): CodeIgniter\CodeIgniter->run()
#5 {main}
