CRITICAL - 2021-12-10 12:03:47 --> ini_set(): Headers already sent. You cannot change the session module's ini settings at this time
#0 [internal function]: CodeIgniter\Debug\Exceptions->errorHandler(2, 'ini_set(): Head...', '/var/www/html/s...', 71, Array)
#1 /var/www/html/system/Session/Handlers/FileHandler.php(71): ini_set('session.save_pa...', '/var/www/html/w...')
#2 /var/www/html/system/Config/Services.php(570): CodeIgniter\Session\Handlers\FileHandler->__construct(Object(Config\App), '172.20.0.1')
#3 /var/www/html/system/Config/BaseService.php(248): CodeIgniter\Config\Services::session(Object(Config\App), false)
#4 /var/www/html/system/Config/BaseService.php(189): CodeIgniter\Config\BaseService::__callStatic('session', Array)
#5 /var/www/html/system/Config/Services.php(563): CodeIgniter\Config\BaseService::getSharedInstance('session', NULL)
#6 /var/www/html/system/Config/BaseService.php(248): CodeIgniter\Config\Services::session()
#7 /var/www/html/system/Common.php(909): CodeIgniter\Config\BaseService::__callStatic('session', Array)
#8 /var/www/html/app/Controllers/HomeController.php(9): session()
#9 /var/www/html/system/CodeIgniter.php(824): App\Controllers\HomeController->index()
#10 /var/www/html/system/CodeIgniter.php(410): CodeIgniter\CodeIgniter->runController(Object(App\Controllers\HomeController))
#11 /var/www/html/system/CodeIgniter.php(318): CodeIgniter\CodeIgniter->handleRequest(NULL, Object(Config\Cache), false)
#12 /var/www/html/public/index.php(39): CodeIgniter\CodeIgniter->run()
#13 {main}
CRITICAL - 2021-12-10 12:03:47 --> Uncaught ErrorException: Cannot modify header information - headers already sent by (output started at /var/www/html/public/index.php:3) in /var/www/html/system/Debug/Exceptions.php:107
Stack trace:
#0 [internal function]: CodeIgniter\Debug\Exceptions->errorHandler(2, 'Cannot modify h...', '/var/www/html/s...', 107, Array)
#1 /var/www/html/system/Debug/Exceptions.php(107): header('HTTP/1.1 500 In...', true, 500)
#2 [internal function]: CodeIgniter\Debug\Exceptions->exceptionHandler(Object(ErrorException))
#3 {main}
  thrown
#0 [internal function]: CodeIgniter\Debug\Exceptions->shutdownHandler()
#1 {main}
ERROR - 2021-12-10 12:26:38 --> Error connecting to the database: Call to undefined function CodeIgniter\Database\Postgre\pg_connect()
CRITICAL - 2021-12-10 12:37:01 --> Use of undefined constant MYSQLI_STORE_RESULT - assumed 'MYSQLI_STORE_RESULT' (this will throw an Error in a future version of PHP)
#0 /var/www/html/system/Database/Database.php(136): CodeIgniter\Debug\Exceptions->errorHandler(2, 'Use of undefine...', '/var/www/html/s...', 136, Array)
#1 /var/www/html/system/Database/Database.php(56): CodeIgniter\Database\Database->initDriver('MySQLi', 'CodeIgniter\\Dat...', Array)
#2 /var/www/html/system/Database/Config.php(78): CodeIgniter\Database\Database->load(Array, 'default')
#3 /var/www/html/system/Common.php(312): CodeIgniter\Database\Config::connect('default', true)
#4 /var/www/html/system/Database/MigrationRunner.php(149): db_connect(NULL)
#5 /var/www/html/system/Config/Services.php(376): CodeIgniter\Database\MigrationRunner->__construct(NULL, NULL)
#6 /var/www/html/system/Config/BaseService.php(248): CodeIgniter\Config\Services::migrations(Object(Config\Migrations), NULL, false)
#7 /var/www/html/system/Config/BaseService.php(189): CodeIgniter\Config\BaseService::__callStatic('migrations', Array)
#8 /var/www/html/system/Config/Services.php(371): CodeIgniter\Config\BaseService::getSharedInstance('migrations', NULL, NULL)
#9 /var/www/html/system/Config/BaseService.php(248): CodeIgniter\Config\Services::migrations()
#10 /var/www/html/system/Commands/Database/Migrate.php(69): CodeIgniter\Config\BaseService::__callStatic('migrations', Array)
#11 /var/www/html/system/CLI/Commands.php(63): CodeIgniter\Commands\Database\Migrate->run(Array)
#12 /var/www/html/system/CLI/CommandRunner.php(70): CodeIgniter\CLI\Commands->run('migrate', Array)
#13 /var/www/html/system/CLI/CommandRunner.php(56): CodeIgniter\CLI\CommandRunner->index(Array)
#14 /var/www/html/system/CodeIgniter.php(822): CodeIgniter\CLI\CommandRunner->_remap('index', 'migrate')
#15 /var/www/html/system/CodeIgniter.php(410): CodeIgniter\CodeIgniter->runController(Object(CodeIgniter\CLI\CommandRunner))
#16 /var/www/html/system/CodeIgniter.php(318): CodeIgniter\CodeIgniter->handleRequest(NULL, Object(Config\Cache), false)
#17 /var/www/html/system/CLI/Console.php(48): CodeIgniter\CodeIgniter->run()
#18 /var/www/html/spark(63): CodeIgniter\CLI\Console->run()
#19 {main}
CRITICAL - 2021-12-10 12:40:01 --> Use of undefined constant MYSQLI_STORE_RESULT - assumed 'MYSQLI_STORE_RESULT' (this will throw an Error in a future version of PHP)
#0 /var/www/html/system/Database/Database.php(136): CodeIgniter\Debug\Exceptions->errorHandler(2, 'Use of undefine...', '/var/www/html/s...', 136, Array)
#1 /var/www/html/system/Database/Database.php(56): CodeIgniter\Database\Database->initDriver('MySQLi', 'CodeIgniter\\Dat...', Array)
#2 /var/www/html/system/Database/Config.php(78): CodeIgniter\Database\Database->load(Array, 'default')
#3 /var/www/html/system/Common.php(312): CodeIgniter\Database\Config::connect('default', true)
#4 /var/www/html/system/Database/MigrationRunner.php(149): db_connect(NULL)
#5 /var/www/html/system/Config/Services.php(376): CodeIgniter\Database\MigrationRunner->__construct(NULL, NULL)
#6 /var/www/html/system/Config/BaseService.php(248): CodeIgniter\Config\Services::migrations(Object(Config\Migrations), NULL, false)
#7 /var/www/html/system/Config/BaseService.php(189): CodeIgniter\Config\BaseService::__callStatic('migrations', Array)
#8 /var/www/html/system/Config/Services.php(371): CodeIgniter\Config\BaseService::getSharedInstance('migrations', NULL, NULL)
#9 /var/www/html/system/Config/BaseService.php(248): CodeIgniter\Config\Services::migrations()
#10 /var/www/html/system/Commands/Database/Migrate.php(69): CodeIgniter\Config\BaseService::__callStatic('migrations', Array)
#11 /var/www/html/system/CLI/Commands.php(63): CodeIgniter\Commands\Database\Migrate->run(Array)
#12 /var/www/html/system/CLI/CommandRunner.php(70): CodeIgniter\CLI\Commands->run('migrate', Array)
#13 /var/www/html/system/CLI/CommandRunner.php(56): CodeIgniter\CLI\CommandRunner->index(Array)
#14 /var/www/html/system/CodeIgniter.php(822): CodeIgniter\CLI\CommandRunner->_remap('index', 'migrate')
#15 /var/www/html/system/CodeIgniter.php(410): CodeIgniter\CodeIgniter->runController(Object(CodeIgniter\CLI\CommandRunner))
#16 /var/www/html/system/CodeIgniter.php(318): CodeIgniter\CodeIgniter->handleRequest(NULL, Object(Config\Cache), false)
#17 /var/www/html/system/CLI/Console.php(48): CodeIgniter\CodeIgniter->run()
#18 /var/www/html/spark(63): CodeIgniter\CLI\Console->run()
#19 {main}
ERROR - 2021-12-10 12:51:29 --> Error connecting to the database: No such file or directory
ERROR - 2021-12-10 12:52:30 --> Error connecting to the database: No such file or directory
ERROR - 2021-12-10 12:53:33 --> Error connecting to the database: No such file or directory
ERROR - 2021-12-10 12:53:40 --> Error connecting to the database: No such file or directory
ERROR - 2021-12-10 12:53:56 --> Error connecting to the database: No such file or directory
ERROR - 2021-12-10 12:55:32 --> Error connecting to the database: No such file or directory
ERROR - 2021-12-10 12:55:51 --> Error connecting to the database: No such file or directory
ERROR - 2021-12-10 12:57:26 --> Error connecting to the database: No such file or directory
ERROR - 2021-12-10 13:08:54 --> Error connecting to the database: No such file or directory
ERROR - 2021-12-10 13:09:02 --> Error connecting to the database: No such file or directory
ERROR - 2021-12-10 13:09:54 --> Error connecting to the database: No such file or directory
ERROR - 2021-12-10 13:10:02 --> Error connecting to the database: No such file or directory
ERROR - 2021-12-10 13:10:25 --> Error connecting to the database: No such file or directory
ERROR - 2021-12-10 13:11:18 --> Error connecting to the database: No such file or directory
CRITICAL - 2021-12-10 13:11:39 --> Class 'CodeIgniter\Database\mysqli\Connection' not found
#0 /var/www/html/system/Database/Database.php(56): CodeIgniter\Database\Database->initDriver('mysqli', 'CodeIgniter\\Dat...', Array)
#1 /var/www/html/system/Database/Config.php(78): CodeIgniter\Database\Database->load(Array, 'default')
#2 /var/www/html/system/Common.php(312): CodeIgniter\Database\Config::connect('default', true)
#3 /var/www/html/system/Database/MigrationRunner.php(149): db_connect(NULL)
#4 /var/www/html/system/Config/Services.php(376): CodeIgniter\Database\MigrationRunner->__construct(NULL, NULL)
#5 /var/www/html/system/Config/BaseService.php(248): CodeIgniter\Config\Services::migrations(Object(Config\Migrations), NULL, false)
#6 /var/www/html/system/Config/BaseService.php(189): CodeIgniter\Config\BaseService::__callStatic('migrations', Array)
#7 /var/www/html/system/Config/Services.php(371): CodeIgniter\Config\BaseService::getSharedInstance('migrations', NULL, NULL)
#8 /var/www/html/system/Config/BaseService.php(248): CodeIgniter\Config\Services::migrations()
#9 /var/www/html/system/Commands/Database/Migrate.php(69): CodeIgniter\Config\BaseService::__callStatic('migrations', Array)
#10 /var/www/html/system/CLI/Commands.php(63): CodeIgniter\Commands\Database\Migrate->run(Array)
#11 /var/www/html/system/CLI/CommandRunner.php(70): CodeIgniter\CLI\Commands->run('migrate', Array)
#12 /var/www/html/system/CLI/CommandRunner.php(56): CodeIgniter\CLI\CommandRunner->index(Array)
#13 /var/www/html/system/CodeIgniter.php(822): CodeIgniter\CLI\CommandRunner->_remap('index', 'migrate')
#14 /var/www/html/system/CodeIgniter.php(410): CodeIgniter\CodeIgniter->runController(Object(CodeIgniter\CLI\CommandRunner))
#15 /var/www/html/system/CodeIgniter.php(318): CodeIgniter\CodeIgniter->handleRequest(NULL, Object(Config\Cache), false)
#16 /var/www/html/system/CLI/Console.php(48): CodeIgniter\CodeIgniter->run()
#17 /var/www/html/spark(63): CodeIgniter\CLI\Console->run()
#18 {main}
ERROR - 2021-12-10 13:11:57 --> Error connecting to the database: Connection refused
CRITICAL - 2021-12-10 13:12:06 --> Class 'CodeIgniter\Database\mysqli\Connection' not found
#0 /var/www/html/system/Database/Database.php(56): CodeIgniter\Database\Database->initDriver('mysqli', 'CodeIgniter\\Dat...', Array)
#1 /var/www/html/system/Database/Config.php(78): CodeIgniter\Database\Database->load(Array, 'default')
#2 /var/www/html/system/Common.php(312): CodeIgniter\Database\Config::connect('default', true)
#3 /var/www/html/system/Database/MigrationRunner.php(149): db_connect(NULL)
#4 /var/www/html/system/Config/Services.php(376): CodeIgniter\Database\MigrationRunner->__construct(NULL, NULL)
#5 /var/www/html/system/Config/BaseService.php(248): CodeIgniter\Config\Services::migrations(Object(Config\Migrations), NULL, false)
#6 /var/www/html/system/Config/BaseService.php(189): CodeIgniter\Config\BaseService::__callStatic('migrations', Array)
#7 /var/www/html/system/Config/Services.php(371): CodeIgniter\Config\BaseService::getSharedInstance('migrations', NULL, NULL)
#8 /var/www/html/system/Config/BaseService.php(248): CodeIgniter\Config\Services::migrations()
#9 /var/www/html/system/Commands/Database/Migrate.php(69): CodeIgniter\Config\BaseService::__callStatic('migrations', Array)
#10 /var/www/html/system/CLI/Commands.php(63): CodeIgniter\Commands\Database\Migrate->run(Array)
#11 /var/www/html/system/CLI/CommandRunner.php(70): CodeIgniter\CLI\Commands->run('migrate', Array)
#12 /var/www/html/system/CLI/CommandRunner.php(56): CodeIgniter\CLI\CommandRunner->index(Array)
#13 /var/www/html/system/CodeIgniter.php(822): CodeIgniter\CLI\CommandRunner->_remap('index', 'migrate')
#14 /var/www/html/system/CodeIgniter.php(410): CodeIgniter\CodeIgniter->runController(Object(CodeIgniter\CLI\CommandRunner))
#15 /var/www/html/system/CodeIgniter.php(318): CodeIgniter\CodeIgniter->handleRequest(NULL, Object(Config\Cache), false)
#16 /var/www/html/system/CLI/Console.php(48): CodeIgniter\CodeIgniter->run()
#17 /var/www/html/spark(63): CodeIgniter\CLI\Console->run()
#18 {main}
ERROR - 2021-12-10 13:12:23 --> Error connecting to the database: Connection refused
