CRITICAL - 2022-02-10 01:55:59 --> Invalid file: dashboard/servers.php
#0 /var/www/html/system/View/View.php(198): CodeIgniter\Exceptions\FrameworkException::forInvalidFile('dashboard/serve...')
#1 /var/www/html/system/Common.php(1097): CodeIgniter\View\View->render('dashboard/serve...', Array, true)
#2 /var/www/html/app/Controllers/ServerController.php(29): view('dashboard/serve...', Array)
#3 /var/www/html/system/CodeIgniter.php(824): App\Controllers\ServerController->index()
#4 /var/www/html/system/CodeIgniter.php(410): CodeIgniter\CodeIgniter->runController(Object(App\Controllers\ServerController))
#5 /var/www/html/system/CodeIgniter.php(318): CodeIgniter\CodeIgniter->handleRequest(NULL, Object(Config\Cache), false)
#6 /var/www/html/public/index.php(38): CodeIgniter\CodeIgniter->run()
#7 {main}
CRITICAL - 2022-02-10 05:27:43 --> Invalid file: dashboard/usersGPO.php
#0 /var/www/html/system/View/View.php(198): CodeIgniter\Exceptions\FrameworkException::forInvalidFile('dashboard/users...')
#1 /var/www/html/system/Common.php(1097): CodeIgniter\View\View->render('dashboard/users...', Array, true)
#2 /var/www/html/app/Controllers/UserGPOController.php(93): view('dashboard/users...', Array)
#3 /var/www/html/system/CodeIgniter.php(824): App\Controllers\UserGPOController->index()
#4 /var/www/html/system/CodeIgniter.php(410): CodeIgniter\CodeIgniter->runController(Object(App\Controllers\UserGPOController))
#5 /var/www/html/system/CodeIgniter.php(318): CodeIgniter\CodeIgniter->handleRequest(NULL, Object(Config\Cache), false)
#6 /var/www/html/public/index.php(38): CodeIgniter\CodeIgniter->run()
#7 {main}
CRITICAL - 2022-02-10 05:27:58 --> Invalid file: dashboard/usersGPO.php
#0 /var/www/html/system/View/View.php(198): CodeIgniter\Exceptions\FrameworkException::forInvalidFile('dashboard/users...')
#1 /var/www/html/system/Common.php(1097): CodeIgniter\View\View->render('dashboard/users...', Array, true)
#2 /var/www/html/app/Controllers/UserGPOController.php(93): view('dashboard/users...', Array)
#3 /var/www/html/system/CodeIgniter.php(824): App\Controllers\UserGPOController->index()
#4 /var/www/html/system/CodeIgniter.php(410): CodeIgniter\CodeIgniter->runController(Object(App\Controllers\UserGPOController))
#5 /var/www/html/system/CodeIgniter.php(318): CodeIgniter\CodeIgniter->handleRequest(NULL, Object(Config\Cache), false)
#6 /var/www/html/public/index.php(38): CodeIgniter\CodeIgniter->run()
#7 {main}
