CRITICAL - 2022-01-24 05:33:48 --> Invalid argument supplied for foreach()
#0 /var/www/html/app/Views/dashboard/companys.php(64): CodeIgniter\Debug\Exceptions->errorHandler(2, 'Invalid argumen...', '/var/www/html/a...', 64, Array)
#1 /var/www/html/system/View/View.php(214): include('/var/www/html/a...')
#2 /var/www/html/system/View/View.php(217): CodeIgniter\View\View->CodeIgniter\View\{closure}()
#3 /var/www/html/system/Common.php(1097): CodeIgniter\View\View->render('dashboard/compa...', Array, true)
#4 /var/www/html/app/Controllers/CompanyController.php(27): view('dashboard/compa...', Array)
#5 /var/www/html/system/CodeIgniter.php(824): App\Controllers\CompanyController->index()
#6 /var/www/html/system/CodeIgniter.php(410): CodeIgniter\CodeIgniter->runController(Object(App\Controllers\CompanyController))
#7 /var/www/html/system/CodeIgniter.php(318): CodeIgniter\CodeIgniter->handleRequest(NULL, Object(Config\Cache), false)
#8 /var/www/html/public/index.php(38): CodeIgniter\CodeIgniter->run()
#9 {main}
CRITICAL - 2022-01-24 05:34:29 --> Invalid argument supplied for foreach()
#0 /var/www/html/app/Views/dashboard/companys.php(64): CodeIgniter\Debug\Exceptions->errorHandler(2, 'Invalid argumen...', '/var/www/html/a...', 64, Array)
#1 /var/www/html/system/View/View.php(214): include('/var/www/html/a...')
#2 /var/www/html/system/View/View.php(217): CodeIgniter\View\View->CodeIgniter\View\{closure}()
#3 /var/www/html/system/Common.php(1097): CodeIgniter\View\View->render('dashboard/compa...', Array, true)
#4 /var/www/html/app/Controllers/CompanyController.php(27): view('dashboard/compa...', Array)
#5 /var/www/html/system/CodeIgniter.php(824): App\Controllers\CompanyController->index()
#6 /var/www/html/system/CodeIgniter.php(410): CodeIgniter\CodeIgniter->runController(Object(App\Controllers\CompanyController))
#7 /var/www/html/system/CodeIgniter.php(318): CodeIgniter\CodeIgniter->handleRequest(NULL, Object(Config\Cache), false)
#8 /var/www/html/public/index.php(38): CodeIgniter\CodeIgniter->run()
#9 {main}
CRITICAL - 2022-01-24 05:45:59 --> Invalid argument supplied for foreach()
#0 /var/www/html/app/Views/dashboard/companys.php(64): CodeIgniter\Debug\Exceptions->errorHandler(2, 'Invalid argumen...', '/var/www/html/a...', 64, Array)
#1 /var/www/html/system/View/View.php(214): include('/var/www/html/a...')
#2 /var/www/html/system/View/View.php(217): CodeIgniter\View\View->CodeIgniter\View\{closure}()
#3 /var/www/html/system/Common.php(1097): CodeIgniter\View\View->render('dashboard/compa...', Array, true)
#4 /var/www/html/app/Controllers/CompanyController.php(27): view('dashboard/compa...', Array)
#5 /var/www/html/system/CodeIgniter.php(824): App\Controllers\CompanyController->index()
#6 /var/www/html/system/CodeIgniter.php(410): CodeIgniter\CodeIgniter->runController(Object(App\Controllers\CompanyController))
#7 /var/www/html/system/CodeIgniter.php(318): CodeIgniter\CodeIgniter->handleRequest(NULL, Object(Config\Cache), false)
#8 /var/www/html/public/index.php(38): CodeIgniter\CodeIgniter->run()
#9 {main}
CRITICAL - 2022-01-24 05:50:22 --> Invalid argument supplied for foreach()
#0 /var/www/html/app/Views/dashboard/companys.php(97): CodeIgniter\Debug\Exceptions->errorHandler(2, 'Invalid argumen...', '/var/www/html/a...', 97, Array)
#1 /var/www/html/system/View/View.php(214): include('/var/www/html/a...')
#2 /var/www/html/system/View/View.php(217): CodeIgniter\View\View->CodeIgniter\View\{closure}()
#3 /var/www/html/system/Common.php(1097): CodeIgniter\View\View->render('dashboard/compa...', Array, true)
#4 /var/www/html/app/Controllers/CompanyController.php(27): view('dashboard/compa...', Array)
#5 /var/www/html/system/CodeIgniter.php(824): App\Controllers\CompanyController->index()
#6 /var/www/html/system/CodeIgniter.php(410): CodeIgniter\CodeIgniter->runController(Object(App\Controllers\CompanyController))
#7 /var/www/html/system/CodeIgniter.php(318): CodeIgniter\CodeIgniter->handleRequest(NULL, Object(Config\Cache), false)
#8 /var/www/html/public/index.php(38): CodeIgniter\CodeIgniter->run()
#9 {main}
CRITICAL - 2022-01-24 05:52:14 --> Invalid argument supplied for foreach()
#0 /var/www/html/app/Views/dashboard/companys.php(97): CodeIgniter\Debug\Exceptions->errorHandler(2, 'Invalid argumen...', '/var/www/html/a...', 97, Array)
#1 /var/www/html/system/View/View.php(214): include('/var/www/html/a...')
#2 /var/www/html/system/View/View.php(217): CodeIgniter\View\View->CodeIgniter\View\{closure}()
#3 /var/www/html/system/Common.php(1097): CodeIgniter\View\View->render('dashboard/compa...', Array, true)
#4 /var/www/html/app/Controllers/CompanyController.php(27): view('dashboard/compa...', Array)
#5 /var/www/html/system/CodeIgniter.php(824): App\Controllers\CompanyController->index()
#6 /var/www/html/system/CodeIgniter.php(410): CodeIgniter\CodeIgniter->runController(Object(App\Controllers\CompanyController))
#7 /var/www/html/system/CodeIgniter.php(318): CodeIgniter\CodeIgniter->handleRequest(NULL, Object(Config\Cache), false)
#8 /var/www/html/public/index.php(38): CodeIgniter\CodeIgniter->run()
#9 {main}
CRITICAL - 2022-01-24 05:53:37 --> Invalid argument supplied for foreach()
#0 /var/www/html/app/Views/dashboard/companys.php(97): CodeIgniter\Debug\Exceptions->errorHandler(2, 'Invalid argumen...', '/var/www/html/a...', 97, Array)
#1 /var/www/html/system/View/View.php(214): include('/var/www/html/a...')
#2 /var/www/html/system/View/View.php(217): CodeIgniter\View\View->CodeIgniter\View\{closure}()
#3 /var/www/html/system/Common.php(1097): CodeIgniter\View\View->render('dashboard/compa...', Array, true)
#4 /var/www/html/app/Controllers/CompanyController.php(27): view('dashboard/compa...', Array)
#5 /var/www/html/system/CodeIgniter.php(824): App\Controllers\CompanyController->index()
#6 /var/www/html/system/CodeIgniter.php(410): CodeIgniter\CodeIgniter->runController(Object(App\Controllers\CompanyController))
#7 /var/www/html/system/CodeIgniter.php(318): CodeIgniter\CodeIgniter->handleRequest(NULL, Object(Config\Cache), false)
#8 /var/www/html/public/index.php(38): CodeIgniter\CodeIgniter->run()
#9 {main}
CRITICAL - 2022-01-24 06:04:11 --> Invalid argument supplied for foreach()
#0 /var/www/html/app/Views/dashboard/companys.php(97): CodeIgniter\Debug\Exceptions->errorHandler(2, 'Invalid argumen...', '/var/www/html/a...', 97, Array)
#1 /var/www/html/system/View/View.php(214): include('/var/www/html/a...')
#2 /var/www/html/system/View/View.php(217): CodeIgniter\View\View->CodeIgniter\View\{closure}()
#3 /var/www/html/system/Common.php(1097): CodeIgniter\View\View->render('dashboard/compa...', Array, true)
#4 /var/www/html/app/Controllers/CompanyController.php(27): view('dashboard/compa...', Array)
#5 /var/www/html/system/CodeIgniter.php(824): App\Controllers\CompanyController->index()
#6 /var/www/html/system/CodeIgniter.php(410): CodeIgniter\CodeIgniter->runController(Object(App\Controllers\CompanyController))
#7 /var/www/html/system/CodeIgniter.php(318): CodeIgniter\CodeIgniter->handleRequest(NULL, Object(Config\Cache), false)
#8 /var/www/html/public/index.php(38): CodeIgniter\CodeIgniter->run()
#9 {main}
CRITICAL - 2022-01-24 06:13:56 --> Invalid argument supplied for foreach()
#0 /var/www/html/app/Views/dashboard/companys.php(97): CodeIgniter\Debug\Exceptions->errorHandler(2, 'Invalid argumen...', '/var/www/html/a...', 97, Array)
#1 /var/www/html/system/View/View.php(214): include('/var/www/html/a...')
#2 /var/www/html/system/View/View.php(217): CodeIgniter\View\View->CodeIgniter\View\{closure}()
#3 /var/www/html/system/Common.php(1097): CodeIgniter\View\View->render('dashboard/compa...', Array, true)
#4 /var/www/html/app/Controllers/CompanyController.php(27): view('dashboard/compa...', Array)
#5 /var/www/html/system/CodeIgniter.php(824): App\Controllers\CompanyController->index()
#6 /var/www/html/system/CodeIgniter.php(410): CodeIgniter\CodeIgniter->runController(Object(App\Controllers\CompanyController))
#7 /var/www/html/system/CodeIgniter.php(318): CodeIgniter\CodeIgniter->handleRequest(NULL, Object(Config\Cache), false)
#8 /var/www/html/public/index.php(38): CodeIgniter\CodeIgniter->run()
#9 {main}
CRITICAL - 2022-01-24 06:44:34 --> Argument 2 passed to view() must be of the type array, null given, called in /var/www/html/app/Controllers/CompanyController.php on line 78
#0 /var/www/html/app/Controllers/CompanyController.php(78): view('dashboard/compa...', NULL)
#1 /var/www/html/system/CodeIgniter.php(824): App\Controllers\CompanyController->operation()
#2 /var/www/html/system/CodeIgniter.php(410): CodeIgniter\CodeIgniter->runController(Object(App\Controllers\CompanyController))
#3 /var/www/html/system/CodeIgniter.php(318): CodeIgniter\CodeIgniter->handleRequest(NULL, Object(Config\Cache), false)
#4 /var/www/html/public/index.php(38): CodeIgniter\CodeIgniter->run()
#5 {main}
