CRITICAL - 2022-02-22 02:24:23 --> Function name must be a string
#0 /var/www/html/system/CodeIgniter.php(824): App\Controllers\UserController->operation()
#1 /var/www/html/system/CodeIgniter.php(410): CodeIgniter\CodeIgniter->runController(Object(App\Controllers\UserController))
#2 /var/www/html/system/CodeIgniter.php(318): CodeIgniter\CodeIgniter->handleRequest(NULL, Object(Config\Cache), false)
#3 /var/www/html/public/index.php(38): CodeIgniter\CodeIgniter->run()
#4 {main}
CRITICAL - 2022-02-22 02:58:54 --> syntax error, unexpected ','
#0 /var/www/html/system/Autoloader/Autoloader.php(241): CodeIgniter\Autoloader\Autoloader->includeFile('/var/www/html/a...')
#1 /var/www/html/system/Autoloader/Autoloader.php(219): CodeIgniter\Autoloader\Autoloader->loadInNamespace('App\\Controllers...')
#2 [internal function]: CodeIgniter\Autoloader\Autoloader->loadClass('App\\Controllers...')
#3 [internal function]: spl_autoload_call('App\\Controllers...')
#4 /var/www/html/system/CodeIgniter.php(789): class_exists('\\App\\Controller...', true)
#5 /var/www/html/system/CodeIgniter.php(397): CodeIgniter\CodeIgniter->startController()
#6 /var/www/html/system/CodeIgniter.php(318): CodeIgniter\CodeIgniter->handleRequest(NULL, Object(Config\Cache), false)
#7 /var/www/html/public/index.php(38): CodeIgniter\CodeIgniter->run()
#8 {main}
ERROR - 2022-02-22 10:38:55 --> Unknown column 'invoice_num' in 'field list'
CRITICAL - 2022-02-22 11:27:34 --> syntax error, unexpected ';', expecting ')'
#0 /var/www/html/system/Autoloader/Autoloader.php(241): CodeIgniter\Autoloader\Autoloader->includeFile('/var/www/html/a...')
#1 /var/www/html/system/Autoloader/Autoloader.php(219): CodeIgniter\Autoloader\Autoloader->loadInNamespace('App\\Controllers...')
#2 [internal function]: CodeIgniter\Autoloader\Autoloader->loadClass('App\\Controllers...')
#3 [internal function]: spl_autoload_call('App\\Controllers...')
#4 /var/www/html/system/CodeIgniter.php(789): class_exists('\\App\\Controller...', true)
#5 /var/www/html/system/CodeIgniter.php(397): CodeIgniter\CodeIgniter->startController()
#6 /var/www/html/system/CodeIgniter.php(318): CodeIgniter\CodeIgniter->handleRequest(NULL, Object(Config\Cache), false)
#7 /var/www/html/public/index.php(38): CodeIgniter\CodeIgniter->run()
#8 {main}
ERROR - 2022-02-22 11:31:14 --> Unknown column 'invoice_num' in 'field list'
ERROR - 2022-02-22 11:56:17 --> Unknown column 'invoice_num' in 'field list'
CRITICAL - 2022-02-22 12:13:38 --> Invalid argument supplied for foreach()
#0 /var/www/html/app/Views/dashboard/services.php(39): CodeIgniter\Debug\Exceptions->errorHandler(2, 'Invalid argumen...', '/var/www/html/a...', 39, Array)
#1 /var/www/html/system/View/View.php(214): include('/var/www/html/a...')
#2 /var/www/html/system/View/View.php(217): CodeIgniter\View\View->CodeIgniter\View\{closure}()
#3 /var/www/html/system/Common.php(1097): CodeIgniter\View\View->render('dashboard/servi...', Array, true)
#4 /var/www/html/app/Controllers/ServiceController.php(35): view('dashboard/servi...', Array)
#5 /var/www/html/system/CodeIgniter.php(824): App\Controllers\ServiceController->index()
#6 /var/www/html/system/CodeIgniter.php(410): CodeIgniter\CodeIgniter->runController(Object(App\Controllers\ServiceController))
#7 /var/www/html/system/CodeIgniter.php(318): CodeIgniter\CodeIgniter->handleRequest(NULL, Object(Config\Cache), false)
#8 /var/www/html/public/index.php(38): CodeIgniter\CodeIgniter->run()
#9 {main}
CRITICAL - 2022-02-22 12:16:44 --> Invalid argument supplied for foreach()
#0 /var/www/html/app/Views/dashboard/services.php(39): CodeIgniter\Debug\Exceptions->errorHandler(2, 'Invalid argumen...', '/var/www/html/a...', 39, Array)
#1 /var/www/html/system/View/View.php(214): include('/var/www/html/a...')
#2 /var/www/html/system/View/View.php(217): CodeIgniter\View\View->CodeIgniter\View\{closure}()
#3 /var/www/html/system/Common.php(1097): CodeIgniter\View\View->render('dashboard/servi...', Array, true)
#4 /var/www/html/app/Controllers/ServiceController.php(35): view('dashboard/servi...', Array)
#5 /var/www/html/system/CodeIgniter.php(824): App\Controllers\ServiceController->index()
#6 /var/www/html/system/CodeIgniter.php(410): CodeIgniter\CodeIgniter->runController(Object(App\Controllers\ServiceController))
#7 /var/www/html/system/CodeIgniter.php(318): CodeIgniter\CodeIgniter->handleRequest(NULL, Object(Config\Cache), false)
#8 /var/www/html/public/index.php(38): CodeIgniter\CodeIgniter->run()
#9 {main}
