CRITICAL - 2021-12-08 11:16:57 --> ini_set(): Headers already sent. You cannot change the session module's ini settings at this time
#0 [internal function]: CodeIgniter\Debug\Exceptions->errorHandler(2, 'ini_set(): Head...', '/var/www/html/s...', 71, Array)
#1 /var/www/html/system/Session/Handlers/FileHandler.php(71): ini_set('session.save_pa...', '/var/www/html/w...')
#2 /var/www/html/system/Config/Services.php(570): CodeIgniter\Session\Handlers\FileHandler->__construct(Object(Config\App), '172.20.0.1')
#3 /var/www/html/system/Config/BaseService.php(248): CodeIgniter\Config\Services::session(Object(Config\App), false)
#4 /var/www/html/system/Config/BaseService.php(189): CodeIgniter\Config\BaseService::__callStatic('session', Array)
#5 /var/www/html/system/Config/Services.php(563): CodeIgniter\Config\BaseService::getSharedInstance('session', NULL)
#6 /var/www/html/system/Config/BaseService.php(248): CodeIgniter\Config\Services::session()
#7 /var/www/html/system/Common.php(909): CodeIgniter\Config\BaseService::__callStatic('session', Array)
#8 /var/www/html/app/Controllers/HomeController.php(9): session()
#9 /var/www/html/system/CodeIgniter.php(824): App\Controllers\HomeController->index()
#10 /var/www/html/system/CodeIgniter.php(410): CodeIgniter\CodeIgniter->runController(Object(App\Controllers\HomeController))
#11 /var/www/html/system/CodeIgniter.php(318): CodeIgniter\CodeIgniter->handleRequest(NULL, Object(Config\Cache), false)
#12 /var/www/html/public/index.php(39): CodeIgniter\CodeIgniter->run()
#13 {main}
CRITICAL - 2021-12-08 11:16:57 --> Uncaught ErrorException: Cannot modify header information - headers already sent by (output started at /var/www/html/public/index.php:3) in /var/www/html/system/Debug/Exceptions.php:107
Stack trace:
#0 [internal function]: CodeIgniter\Debug\Exceptions->errorHandler(2, 'Cannot modify h...', '/var/www/html/s...', 107, Array)
#1 /var/www/html/system/Debug/Exceptions.php(107): header('HTTP/1.1 500 In...', true, 500)
#2 [internal function]: CodeIgniter\Debug\Exceptions->exceptionHandler(Object(ErrorException))
#3 {main}
  thrown
#0 [internal function]: CodeIgniter\Debug\Exceptions->shutdownHandler()
#1 {main}
CRITICAL - 2021-12-08 11:17:15 --> ini_set(): Session ini settings cannot be changed after headers have already been sent
#0 [internal function]: CodeIgniter\Debug\Exceptions->errorHandler(2, 'ini_set(): Sess...', '/var/www/html/s...', 71)
#1 /var/www/html/system/Session/Handlers/FileHandler.php(71): ini_set('session.save_pa...', '/var/www/html/w...')
#2 /var/www/html/system/Config/Services.php(570): CodeIgniter\Session\Handlers\FileHandler->__construct(Object(Config\App), '172.20.0.1')
#3 /var/www/html/system/Config/BaseService.php(248): CodeIgniter\Config\Services::session(Object(Config\App), false)
#4 /var/www/html/system/Config/BaseService.php(189): CodeIgniter\Config\BaseService::__callStatic('session', Array)
#5 /var/www/html/system/Config/Services.php(563): CodeIgniter\Config\BaseService::getSharedInstance('session', NULL)
#6 /var/www/html/system/Config/BaseService.php(248): CodeIgniter\Config\Services::session()
#7 /var/www/html/system/Common.php(909): CodeIgniter\Config\BaseService::__callStatic('session', Array)
#8 /var/www/html/app/Controllers/HomeController.php(9): session()
#9 /var/www/html/system/CodeIgniter.php(824): App\Controllers\HomeController->index()
#10 /var/www/html/system/CodeIgniter.php(410): CodeIgniter\CodeIgniter->runController(Object(App\Controllers\HomeController))
#11 /var/www/html/system/CodeIgniter.php(318): CodeIgniter\CodeIgniter->handleRequest(NULL, Object(Config\Cache), false)
#12 /var/www/html/public/index.php(39): CodeIgniter\CodeIgniter->run()
#13 {main}
CRITICAL - 2021-12-08 11:17:15 --> Uncaught ErrorException: Cannot modify header information - headers already sent by (output started at /var/www/html/public/index.php:3) in /var/www/html/system/Debug/Exceptions.php:107
Stack trace:
#0 [internal function]: CodeIgniter\Debug\Exceptions->errorHandler(2, 'Cannot modify h...', '/var/www/html/s...', 107)
#1 /var/www/html/system/Debug/Exceptions.php(107): header('HTTP/1.1 500 In...', true, 500)
#2 [internal function]: CodeIgniter\Debug\Exceptions->exceptionHandler(Object(ErrorException))
#3 {main}
  thrown
#0 [internal function]: CodeIgniter\Debug\Exceptions->shutdownHandler()
#1 {main}
CRITICAL - 2021-12-08 11:17:34 --> ini_set(): Session ini settings cannot be changed after headers have already been sent
#0 [internal function]: CodeIgniter\Debug\Exceptions->errorHandler(2, 'ini_set(): Sess...', '/var/www/html/s...', 71)
#1 /var/www/html/system/Session/Handlers/FileHandler.php(71): ini_set('session.save_pa...', '/var/www/html/w...')
#2 /var/www/html/system/Config/Services.php(570): CodeIgniter\Session\Handlers\FileHandler->__construct(Object(Config\App), '172.20.0.1')
#3 /var/www/html/system/Config/BaseService.php(248): CodeIgniter\Config\Services::session(Object(Config\App), false)
#4 /var/www/html/system/Config/BaseService.php(189): CodeIgniter\Config\BaseService::__callStatic('session', Array)
#5 /var/www/html/system/Config/Services.php(563): CodeIgniter\Config\BaseService::getSharedInstance('session', NULL)
#6 /var/www/html/system/Config/BaseService.php(248): CodeIgniter\Config\Services::session()
#7 /var/www/html/system/Common.php(909): CodeIgniter\Config\BaseService::__callStatic('session', Array)
#8 /var/www/html/app/Controllers/HomeController.php(9): session()
#9 /var/www/html/system/CodeIgniter.php(824): App\Controllers\HomeController->index()
#10 /var/www/html/system/CodeIgniter.php(410): CodeIgniter\CodeIgniter->runController(Object(App\Controllers\HomeController))
#11 /var/www/html/system/CodeIgniter.php(318): CodeIgniter\CodeIgniter->handleRequest(NULL, Object(Config\Cache), false)
#12 /var/www/html/public/index.php(39): CodeIgniter\CodeIgniter->run()
#13 {main}
CRITICAL - 2021-12-08 11:17:34 --> Uncaught ErrorException: Cannot modify header information - headers already sent by (output started at /var/www/html/public/index.php:3) in /var/www/html/system/Debug/Exceptions.php:107
Stack trace:
#0 [internal function]: CodeIgniter\Debug\Exceptions->errorHandler(2, 'Cannot modify h...', '/var/www/html/s...', 107)
#1 /var/www/html/system/Debug/Exceptions.php(107): header('HTTP/1.1 500 In...', true, 500)
#2 [internal function]: CodeIgniter\Debug\Exceptions->exceptionHandler(Object(ErrorException))
#3 {main}
  thrown
#0 [internal function]: CodeIgniter\Debug\Exceptions->shutdownHandler()
#1 {main}
CRITICAL - 2021-12-08 11:17:34 --> ini_set(): Session ini settings cannot be changed after headers have already been sent
#0 [internal function]: CodeIgniter\Debug\Exceptions->errorHandler(2, 'ini_set(): Sess...', '/var/www/html/s...', 71)
#1 /var/www/html/system/Session/Handlers/FileHandler.php(71): ini_set('session.save_pa...', '/var/www/html/w...')
#2 /var/www/html/system/Config/Services.php(570): CodeIgniter\Session\Handlers\FileHandler->__construct(Object(Config\App), '172.20.0.1')
#3 /var/www/html/system/Config/BaseService.php(248): CodeIgniter\Config\Services::session(Object(Config\App), false)
#4 /var/www/html/system/Config/BaseService.php(189): CodeIgniter\Config\BaseService::__callStatic('session', Array)
#5 /var/www/html/system/Config/Services.php(563): CodeIgniter\Config\BaseService::getSharedInstance('session', NULL)
#6 /var/www/html/system/Config/BaseService.php(248): CodeIgniter\Config\Services::session()
#7 /var/www/html/system/Common.php(909): CodeIgniter\Config\BaseService::__callStatic('session', Array)
#8 /var/www/html/app/Controllers/HomeController.php(9): session()
#9 /var/www/html/system/CodeIgniter.php(824): App\Controllers\HomeController->index()
#10 /var/www/html/system/CodeIgniter.php(410): CodeIgniter\CodeIgniter->runController(Object(App\Controllers\HomeController))
#11 /var/www/html/system/CodeIgniter.php(318): CodeIgniter\CodeIgniter->handleRequest(NULL, Object(Config\Cache), false)
#12 /var/www/html/public/index.php(39): CodeIgniter\CodeIgniter->run()
#13 {main}
CRITICAL - 2021-12-08 11:17:34 --> Uncaught ErrorException: Cannot modify header information - headers already sent by (output started at /var/www/html/public/index.php:3) in /var/www/html/system/Debug/Exceptions.php:107
Stack trace:
#0 [internal function]: CodeIgniter\Debug\Exceptions->errorHandler(2, 'Cannot modify h...', '/var/www/html/s...', 107)
#1 /var/www/html/system/Debug/Exceptions.php(107): header('HTTP/1.1 500 In...', true, 500)
#2 [internal function]: CodeIgniter\Debug\Exceptions->exceptionHandler(Object(ErrorException))
#3 {main}
  thrown
#0 [internal function]: CodeIgniter\Debug\Exceptions->shutdownHandler()
#1 {main}
CRITICAL - 2021-12-08 11:17:34 --> ini_set(): Session ini settings cannot be changed after headers have already been sent
#0 [internal function]: CodeIgniter\Debug\Exceptions->errorHandler(2, 'ini_set(): Sess...', '/var/www/html/s...', 71)
#1 /var/www/html/system/Session/Handlers/FileHandler.php(71): ini_set('session.save_pa...', '/var/www/html/w...')
#2 /var/www/html/system/Config/Services.php(570): CodeIgniter\Session\Handlers\FileHandler->__construct(Object(Config\App), '172.20.0.1')
#3 /var/www/html/system/Config/BaseService.php(248): CodeIgniter\Config\Services::session(Object(Config\App), false)
#4 /var/www/html/system/Config/BaseService.php(189): CodeIgniter\Config\BaseService::__callStatic('session', Array)
#5 /var/www/html/system/Config/Services.php(563): CodeIgniter\Config\BaseService::getSharedInstance('session', NULL)
#6 /var/www/html/system/Config/BaseService.php(248): CodeIgniter\Config\Services::session()
#7 /var/www/html/system/Common.php(909): CodeIgniter\Config\BaseService::__callStatic('session', Array)
#8 /var/www/html/app/Controllers/HomeController.php(9): session()
#9 /var/www/html/system/CodeIgniter.php(824): App\Controllers\HomeController->index()
#10 /var/www/html/system/CodeIgniter.php(410): CodeIgniter\CodeIgniter->runController(Object(App\Controllers\HomeController))
#11 /var/www/html/system/CodeIgniter.php(318): CodeIgniter\CodeIgniter->handleRequest(NULL, Object(Config\Cache), false)
#12 /var/www/html/public/index.php(39): CodeIgniter\CodeIgniter->run()
#13 {main}
CRITICAL - 2021-12-08 11:17:34 --> Uncaught ErrorException: Cannot modify header information - headers already sent by (output started at /var/www/html/public/index.php:3) in /var/www/html/system/Debug/Exceptions.php:107
Stack trace:
#0 [internal function]: CodeIgniter\Debug\Exceptions->errorHandler(2, 'Cannot modify h...', '/var/www/html/s...', 107)
#1 /var/www/html/system/Debug/Exceptions.php(107): header('HTTP/1.1 500 In...', true, 500)
#2 [internal function]: CodeIgniter\Debug\Exceptions->exceptionHandler(Object(ErrorException))
#3 {main}
  thrown
#0 [internal function]: CodeIgniter\Debug\Exceptions->shutdownHandler()
#1 {main}
CRITICAL - 2021-12-08 11:17:35 --> ini_set(): Session ini settings cannot be changed after headers have already been sent
#0 [internal function]: CodeIgniter\Debug\Exceptions->errorHandler(2, 'ini_set(): Sess...', '/var/www/html/s...', 71)
#1 /var/www/html/system/Session/Handlers/FileHandler.php(71): ini_set('session.save_pa...', '/var/www/html/w...')
#2 /var/www/html/system/Config/Services.php(570): CodeIgniter\Session\Handlers\FileHandler->__construct(Object(Config\App), '172.20.0.1')
#3 /var/www/html/system/Config/BaseService.php(248): CodeIgniter\Config\Services::session(Object(Config\App), false)
#4 /var/www/html/system/Config/BaseService.php(189): CodeIgniter\Config\BaseService::__callStatic('session', Array)
#5 /var/www/html/system/Config/Services.php(563): CodeIgniter\Config\BaseService::getSharedInstance('session', NULL)
#6 /var/www/html/system/Config/BaseService.php(248): CodeIgniter\Config\Services::session()
#7 /var/www/html/system/Common.php(909): CodeIgniter\Config\BaseService::__callStatic('session', Array)
#8 /var/www/html/app/Controllers/HomeController.php(9): session()
#9 /var/www/html/system/CodeIgniter.php(824): App\Controllers\HomeController->index()
#10 /var/www/html/system/CodeIgniter.php(410): CodeIgniter\CodeIgniter->runController(Object(App\Controllers\HomeController))
#11 /var/www/html/system/CodeIgniter.php(318): CodeIgniter\CodeIgniter->handleRequest(NULL, Object(Config\Cache), false)
#12 /var/www/html/public/index.php(39): CodeIgniter\CodeIgniter->run()
#13 {main}
CRITICAL - 2021-12-08 11:17:35 --> Uncaught ErrorException: Cannot modify header information - headers already sent by (output started at /var/www/html/public/index.php:3) in /var/www/html/system/Debug/Exceptions.php:107
Stack trace:
#0 [internal function]: CodeIgniter\Debug\Exceptions->errorHandler(2, 'Cannot modify h...', '/var/www/html/s...', 107)
#1 /var/www/html/system/Debug/Exceptions.php(107): header('HTTP/1.1 500 In...', true, 500)
#2 [internal function]: CodeIgniter\Debug\Exceptions->exceptionHandler(Object(ErrorException))
#3 {main}
  thrown
#0 [internal function]: CodeIgniter\Debug\Exceptions->shutdownHandler()
#1 {main}
CRITICAL - 2021-12-08 11:17:35 --> ini_set(): Session ini settings cannot be changed after headers have already been sent
#0 [internal function]: CodeIgniter\Debug\Exceptions->errorHandler(2, 'ini_set(): Sess...', '/var/www/html/s...', 71)
#1 /var/www/html/system/Session/Handlers/FileHandler.php(71): ini_set('session.save_pa...', '/var/www/html/w...')
#2 /var/www/html/system/Config/Services.php(570): CodeIgniter\Session\Handlers\FileHandler->__construct(Object(Config\App), '172.20.0.1')
#3 /var/www/html/system/Config/BaseService.php(248): CodeIgniter\Config\Services::session(Object(Config\App), false)
#4 /var/www/html/system/Config/BaseService.php(189): CodeIgniter\Config\BaseService::__callStatic('session', Array)
#5 /var/www/html/system/Config/Services.php(563): CodeIgniter\Config\BaseService::getSharedInstance('session', NULL)
#6 /var/www/html/system/Config/BaseService.php(248): CodeIgniter\Config\Services::session()
#7 /var/www/html/system/Common.php(909): CodeIgniter\Config\BaseService::__callStatic('session', Array)
#8 /var/www/html/app/Controllers/HomeController.php(9): session()
#9 /var/www/html/system/CodeIgniter.php(824): App\Controllers\HomeController->index()
#10 /var/www/html/system/CodeIgniter.php(410): CodeIgniter\CodeIgniter->runController(Object(App\Controllers\HomeController))
#11 /var/www/html/system/CodeIgniter.php(318): CodeIgniter\CodeIgniter->handleRequest(NULL, Object(Config\Cache), false)
#12 /var/www/html/public/index.php(39): CodeIgniter\CodeIgniter->run()
#13 {main}
CRITICAL - 2021-12-08 11:17:35 --> Uncaught ErrorException: Cannot modify header information - headers already sent by (output started at /var/www/html/public/index.php:3) in /var/www/html/system/Debug/Exceptions.php:107
Stack trace:
#0 [internal function]: CodeIgniter\Debug\Exceptions->errorHandler(2, 'Cannot modify h...', '/var/www/html/s...', 107)
#1 /var/www/html/system/Debug/Exceptions.php(107): header('HTTP/1.1 500 In...', true, 500)
#2 [internal function]: CodeIgniter\Debug\Exceptions->exceptionHandler(Object(ErrorException))
#3 {main}
  thrown
#0 [internal function]: CodeIgniter\Debug\Exceptions->shutdownHandler()
#1 {main}
CRITICAL - 2021-12-08 11:17:35 --> ini_set(): Session ini settings cannot be changed after headers have already been sent
#0 [internal function]: CodeIgniter\Debug\Exceptions->errorHandler(2, 'ini_set(): Sess...', '/var/www/html/s...', 71)
#1 /var/www/html/system/Session/Handlers/FileHandler.php(71): ini_set('session.save_pa...', '/var/www/html/w...')
#2 /var/www/html/system/Config/Services.php(570): CodeIgniter\Session\Handlers\FileHandler->__construct(Object(Config\App), '172.20.0.1')
#3 /var/www/html/system/Config/BaseService.php(248): CodeIgniter\Config\Services::session(Object(Config\App), false)
#4 /var/www/html/system/Config/BaseService.php(189): CodeIgniter\Config\BaseService::__callStatic('session', Array)
#5 /var/www/html/system/Config/Services.php(563): CodeIgniter\Config\BaseService::getSharedInstance('session', NULL)
#6 /var/www/html/system/Config/BaseService.php(248): CodeIgniter\Config\Services::session()
#7 /var/www/html/system/Common.php(909): CodeIgniter\Config\BaseService::__callStatic('session', Array)
#8 /var/www/html/app/Controllers/HomeController.php(9): session()
#9 /var/www/html/system/CodeIgniter.php(824): App\Controllers\HomeController->index()
#10 /var/www/html/system/CodeIgniter.php(410): CodeIgniter\CodeIgniter->runController(Object(App\Controllers\HomeController))
#11 /var/www/html/system/CodeIgniter.php(318): CodeIgniter\CodeIgniter->handleRequest(NULL, Object(Config\Cache), false)
#12 /var/www/html/public/index.php(39): CodeIgniter\CodeIgniter->run()
#13 {main}
CRITICAL - 2021-12-08 11:17:35 --> Uncaught ErrorException: Cannot modify header information - headers already sent by (output started at /var/www/html/public/index.php:3) in /var/www/html/system/Debug/Exceptions.php:107
Stack trace:
#0 [internal function]: CodeIgniter\Debug\Exceptions->errorHandler(2, 'Cannot modify h...', '/var/www/html/s...', 107)
#1 /var/www/html/system/Debug/Exceptions.php(107): header('HTTP/1.1 500 In...', true, 500)
#2 [internal function]: CodeIgniter\Debug\Exceptions->exceptionHandler(Object(ErrorException))
#3 {main}
  thrown
#0 [internal function]: CodeIgniter\Debug\Exceptions->shutdownHandler()
#1 {main}
CRITICAL - 2021-12-08 11:27:07 --> ini_set(): Session ini settings cannot be changed after headers have already been sent
#0 [internal function]: CodeIgniter\Debug\Exceptions->errorHandler(2, 'ini_set(): Sess...', '/var/www/html/s...', 71)
#1 /var/www/html/system/Session/Handlers/FileHandler.php(71): ini_set('session.save_pa...', '/var/www/html/w...')
#2 /var/www/html/system/Config/Services.php(570): CodeIgniter\Session\Handlers\FileHandler->__construct(Object(Config\App), '172.20.0.1')
#3 /var/www/html/system/Config/BaseService.php(248): CodeIgniter\Config\Services::session(Object(Config\App), false)
#4 /var/www/html/system/Config/BaseService.php(189): CodeIgniter\Config\BaseService::__callStatic('session', Array)
#5 /var/www/html/system/Config/Services.php(563): CodeIgniter\Config\BaseService::getSharedInstance('session', NULL)
#6 /var/www/html/system/Config/BaseService.php(248): CodeIgniter\Config\Services::session()
#7 /var/www/html/system/Common.php(909): CodeIgniter\Config\BaseService::__callStatic('session', Array)
#8 /var/www/html/app/Controllers/HomeController.php(9): session()
#9 /var/www/html/system/CodeIgniter.php(824): App\Controllers\HomeController->index()
#10 /var/www/html/system/CodeIgniter.php(410): CodeIgniter\CodeIgniter->runController(Object(App\Controllers\HomeController))
#11 /var/www/html/system/CodeIgniter.php(318): CodeIgniter\CodeIgniter->handleRequest(NULL, Object(Config\Cache), false)
#12 /var/www/html/public/index.php(39): CodeIgniter\CodeIgniter->run()
#13 {main}
CRITICAL - 2021-12-08 11:27:07 --> Uncaught ErrorException: Cannot modify header information - headers already sent by (output started at /var/www/html/public/index.php:3) in /var/www/html/system/Debug/Exceptions.php:107
Stack trace:
#0 [internal function]: CodeIgniter\Debug\Exceptions->errorHandler(2, 'Cannot modify h...', '/var/www/html/s...', 107)
#1 /var/www/html/system/Debug/Exceptions.php(107): header('HTTP/1.1 500 In...', true, 500)
#2 [internal function]: CodeIgniter\Debug\Exceptions->exceptionHandler(Object(ErrorException))
#3 {main}
  thrown
#0 [internal function]: CodeIgniter\Debug\Exceptions->shutdownHandler()
#1 {main}
CRITICAL - 2021-12-08 11:30:58 --> ini_set(): Session ini settings cannot be changed after headers have already been sent
#0 [internal function]: CodeIgniter\Debug\Exceptions->errorHandler(2, 'ini_set(): Sess...', '/var/www/html/s...', 71)
#1 /var/www/html/system/Session/Handlers/FileHandler.php(71): ini_set('session.save_pa...', '/var/www/html/w...')
#2 /var/www/html/system/Config/Services.php(570): CodeIgniter\Session\Handlers\FileHandler->__construct(Object(Config\App), '172.20.0.1')
#3 /var/www/html/system/Config/BaseService.php(248): CodeIgniter\Config\Services::session(Object(Config\App), false)
#4 /var/www/html/system/Config/BaseService.php(189): CodeIgniter\Config\BaseService::__callStatic('session', Array)
#5 /var/www/html/system/Config/Services.php(563): CodeIgniter\Config\BaseService::getSharedInstance('session', NULL)
#6 /var/www/html/system/Config/BaseService.php(248): CodeIgniter\Config\Services::session()
#7 /var/www/html/system/Common.php(909): CodeIgniter\Config\BaseService::__callStatic('session', Array)
#8 /var/www/html/app/Controllers/HomeController.php(9): session()
#9 /var/www/html/system/CodeIgniter.php(824): App\Controllers\HomeController->index()
#10 /var/www/html/system/CodeIgniter.php(410): CodeIgniter\CodeIgniter->runController(Object(App\Controllers\HomeController))
#11 /var/www/html/system/CodeIgniter.php(318): CodeIgniter\CodeIgniter->handleRequest(NULL, Object(Config\Cache), false)
#12 /var/www/html/public/index.php(39): CodeIgniter\CodeIgniter->run()
#13 {main}
CRITICAL - 2021-12-08 11:30:58 --> Uncaught ErrorException: Cannot modify header information - headers already sent by (output started at /var/www/html/public/index.php:3) in /var/www/html/system/Debug/Exceptions.php:107
Stack trace:
#0 [internal function]: CodeIgniter\Debug\Exceptions->errorHandler(2, 'Cannot modify h...', '/var/www/html/s...', 107)
#1 /var/www/html/system/Debug/Exceptions.php(107): header('HTTP/1.1 500 In...', true, 500)
#2 [internal function]: CodeIgniter\Debug\Exceptions->exceptionHandler(Object(ErrorException))
#3 {main}
  thrown
#0 [internal function]: CodeIgniter\Debug\Exceptions->shutdownHandler()
#1 {main}
CRITICAL - 2021-12-08 11:31:08 --> ini_set(): Session ini settings cannot be changed after headers have already been sent
#0 [internal function]: CodeIgniter\Debug\Exceptions->errorHandler(2, 'ini_set(): Sess...', '/var/www/html/s...', 71)
#1 /var/www/html/system/Session/Handlers/FileHandler.php(71): ini_set('session.save_pa...', '/var/www/html/w...')
#2 /var/www/html/system/Config/Services.php(570): CodeIgniter\Session\Handlers\FileHandler->__construct(Object(Config\App), '172.20.0.1')
#3 /var/www/html/system/Config/BaseService.php(248): CodeIgniter\Config\Services::session(Object(Config\App), false)
#4 /var/www/html/system/Config/BaseService.php(189): CodeIgniter\Config\BaseService::__callStatic('session', Array)
#5 /var/www/html/system/Config/Services.php(563): CodeIgniter\Config\BaseService::getSharedInstance('session', NULL)
#6 /var/www/html/system/Config/BaseService.php(248): CodeIgniter\Config\Services::session()
#7 /var/www/html/system/Common.php(909): CodeIgniter\Config\BaseService::__callStatic('session', Array)
#8 /var/www/html/app/Controllers/HomeController.php(9): session()
#9 /var/www/html/system/CodeIgniter.php(824): App\Controllers\HomeController->index()
#10 /var/www/html/system/CodeIgniter.php(410): CodeIgniter\CodeIgniter->runController(Object(App\Controllers\HomeController))
#11 /var/www/html/system/CodeIgniter.php(318): CodeIgniter\CodeIgniter->handleRequest(NULL, Object(Config\Cache), false)
#12 /var/www/html/public/index.php(39): CodeIgniter\CodeIgniter->run()
#13 {main}
CRITICAL - 2021-12-08 11:31:08 --> Uncaught ErrorException: Cannot modify header information - headers already sent by (output started at /var/www/html/public/index.php:3) in /var/www/html/system/Debug/Exceptions.php:107
Stack trace:
#0 [internal function]: CodeIgniter\Debug\Exceptions->errorHandler(2, 'Cannot modify h...', '/var/www/html/s...', 107)
#1 /var/www/html/system/Debug/Exceptions.php(107): header('HTTP/1.1 500 In...', true, 500)
#2 [internal function]: CodeIgniter\Debug\Exceptions->exceptionHandler(Object(ErrorException))
#3 {main}
  thrown
#0 [internal function]: CodeIgniter\Debug\Exceptions->shutdownHandler()
#1 {main}
CRITICAL - 2021-12-08 11:31:09 --> ini_set(): Session ini settings cannot be changed after headers have already been sent
#0 [internal function]: CodeIgniter\Debug\Exceptions->errorHandler(2, 'ini_set(): Sess...', '/var/www/html/s...', 71)
#1 /var/www/html/system/Session/Handlers/FileHandler.php(71): ini_set('session.save_pa...', '/var/www/html/w...')
#2 /var/www/html/system/Config/Services.php(570): CodeIgniter\Session\Handlers\FileHandler->__construct(Object(Config\App), '172.20.0.1')
#3 /var/www/html/system/Config/BaseService.php(248): CodeIgniter\Config\Services::session(Object(Config\App), false)
#4 /var/www/html/system/Config/BaseService.php(189): CodeIgniter\Config\BaseService::__callStatic('session', Array)
#5 /var/www/html/system/Config/Services.php(563): CodeIgniter\Config\BaseService::getSharedInstance('session', NULL)
#6 /var/www/html/system/Config/BaseService.php(248): CodeIgniter\Config\Services::session()
#7 /var/www/html/system/Common.php(909): CodeIgniter\Config\BaseService::__callStatic('session', Array)
#8 /var/www/html/app/Controllers/HomeController.php(9): session()
#9 /var/www/html/system/CodeIgniter.php(824): App\Controllers\HomeController->index()
#10 /var/www/html/system/CodeIgniter.php(410): CodeIgniter\CodeIgniter->runController(Object(App\Controllers\HomeController))
#11 /var/www/html/system/CodeIgniter.php(318): CodeIgniter\CodeIgniter->handleRequest(NULL, Object(Config\Cache), false)
#12 /var/www/html/public/index.php(39): CodeIgniter\CodeIgniter->run()
#13 {main}
CRITICAL - 2021-12-08 11:31:09 --> Uncaught ErrorException: Cannot modify header information - headers already sent by (output started at /var/www/html/public/index.php:3) in /var/www/html/system/Debug/Exceptions.php:107
Stack trace:
#0 [internal function]: CodeIgniter\Debug\Exceptions->errorHandler(2, 'Cannot modify h...', '/var/www/html/s...', 107)
#1 /var/www/html/system/Debug/Exceptions.php(107): header('HTTP/1.1 500 In...', true, 500)
#2 [internal function]: CodeIgniter\Debug\Exceptions->exceptionHandler(Object(ErrorException))
#3 {main}
  thrown
#0 [internal function]: CodeIgniter\Debug\Exceptions->shutdownHandler()
#1 {main}
CRITICAL - 2021-12-08 11:31:30 --> ini_set(): Session ini settings cannot be changed after headers have already been sent
#0 [internal function]: CodeIgniter\Debug\Exceptions->errorHandler(2, 'ini_set(): Sess...', '/var/www/html/s...', 71)
#1 /var/www/html/system/Session/Handlers/FileHandler.php(71): ini_set('session.save_pa...', '/var/www/html/w...')
#2 /var/www/html/system/Config/Services.php(570): CodeIgniter\Session\Handlers\FileHandler->__construct(Object(Config\App), '172.20.0.1')
#3 /var/www/html/system/Config/BaseService.php(248): CodeIgniter\Config\Services::session(Object(Config\App), false)
#4 /var/www/html/system/Config/BaseService.php(189): CodeIgniter\Config\BaseService::__callStatic('session', Array)
#5 /var/www/html/system/Config/Services.php(563): CodeIgniter\Config\BaseService::getSharedInstance('session', NULL)
#6 /var/www/html/system/Config/BaseService.php(248): CodeIgniter\Config\Services::session()
#7 /var/www/html/system/Common.php(909): CodeIgniter\Config\BaseService::__callStatic('session', Array)
#8 /var/www/html/app/Controllers/HomeController.php(9): session()
#9 /var/www/html/system/CodeIgniter.php(824): App\Controllers\HomeController->index()
#10 /var/www/html/system/CodeIgniter.php(410): CodeIgniter\CodeIgniter->runController(Object(App\Controllers\HomeController))
#11 /var/www/html/system/CodeIgniter.php(318): CodeIgniter\CodeIgniter->handleRequest(NULL, Object(Config\Cache), false)
#12 /var/www/html/public/index.php(39): CodeIgniter\CodeIgniter->run()
#13 {main}
CRITICAL - 2021-12-08 11:31:30 --> Uncaught ErrorException: Cannot modify header information - headers already sent by (output started at /var/www/html/public/index.php:3) in /var/www/html/system/Debug/Exceptions.php:107
Stack trace:
#0 [internal function]: CodeIgniter\Debug\Exceptions->errorHandler(2, 'Cannot modify h...', '/var/www/html/s...', 107)
#1 /var/www/html/system/Debug/Exceptions.php(107): header('HTTP/1.1 500 In...', true, 500)
#2 [internal function]: CodeIgniter\Debug\Exceptions->exceptionHandler(Object(ErrorException))
#3 {main}
  thrown
#0 [internal function]: CodeIgniter\Debug\Exceptions->shutdownHandler()
#1 {main}
CRITICAL - 2021-12-08 11:32:14 --> ini_set(): Session ini settings cannot be changed after headers have already been sent
#0 [internal function]: CodeIgniter\Debug\Exceptions->errorHandler(2, 'ini_set(): Sess...', '/var/www/html/s...', 71)
#1 /var/www/html/system/Session/Handlers/FileHandler.php(71): ini_set('session.save_pa...', '/var/www/html/w...')
#2 /var/www/html/system/Config/Services.php(570): CodeIgniter\Session\Handlers\FileHandler->__construct(Object(Config\App), '172.20.0.1')
#3 /var/www/html/system/Config/BaseService.php(248): CodeIgniter\Config\Services::session(Object(Config\App), false)
#4 /var/www/html/system/Config/BaseService.php(189): CodeIgniter\Config\BaseService::__callStatic('session', Array)
#5 /var/www/html/system/Config/Services.php(563): CodeIgniter\Config\BaseService::getSharedInstance('session', NULL)
#6 /var/www/html/system/Config/BaseService.php(248): CodeIgniter\Config\Services::session()
#7 /var/www/html/system/Common.php(909): CodeIgniter\Config\BaseService::__callStatic('session', Array)
#8 /var/www/html/app/Controllers/HomeController.php(9): session()
#9 /var/www/html/system/CodeIgniter.php(824): App\Controllers\HomeController->index()
#10 /var/www/html/system/CodeIgniter.php(410): CodeIgniter\CodeIgniter->runController(Object(App\Controllers\HomeController))
#11 /var/www/html/system/CodeIgniter.php(318): CodeIgniter\CodeIgniter->handleRequest(NULL, Object(Config\Cache), false)
#12 /var/www/html/public/index.php(39): CodeIgniter\CodeIgniter->run()
#13 {main}
CRITICAL - 2021-12-08 11:32:14 --> Uncaught ErrorException: Cannot modify header information - headers already sent by (output started at /var/www/html/public/index.php:3) in /var/www/html/system/Debug/Exceptions.php:107
Stack trace:
#0 [internal function]: CodeIgniter\Debug\Exceptions->errorHandler(2, 'Cannot modify h...', '/var/www/html/s...', 107)
#1 /var/www/html/system/Debug/Exceptions.php(107): header('HTTP/1.1 500 In...', true, 500)
#2 [internal function]: CodeIgniter\Debug\Exceptions->exceptionHandler(Object(ErrorException))
#3 {main}
  thrown
#0 [internal function]: CodeIgniter\Debug\Exceptions->shutdownHandler()
#1 {main}
CRITICAL - 2021-12-08 11:32:14 --> ini_set(): Session ini settings cannot be changed after headers have already been sent
#0 [internal function]: CodeIgniter\Debug\Exceptions->errorHandler(2, 'ini_set(): Sess...', '/var/www/html/s...', 71)
#1 /var/www/html/system/Session/Handlers/FileHandler.php(71): ini_set('session.save_pa...', '/var/www/html/w...')
#2 /var/www/html/system/Config/Services.php(570): CodeIgniter\Session\Handlers\FileHandler->__construct(Object(Config\App), '172.20.0.1')
#3 /var/www/html/system/Config/BaseService.php(248): CodeIgniter\Config\Services::session(Object(Config\App), false)
#4 /var/www/html/system/Config/BaseService.php(189): CodeIgniter\Config\BaseService::__callStatic('session', Array)
#5 /var/www/html/system/Config/Services.php(563): CodeIgniter\Config\BaseService::getSharedInstance('session', NULL)
#6 /var/www/html/system/Config/BaseService.php(248): CodeIgniter\Config\Services::session()
#7 /var/www/html/system/Common.php(909): CodeIgniter\Config\BaseService::__callStatic('session', Array)
#8 /var/www/html/app/Controllers/HomeController.php(9): session()
#9 /var/www/html/system/CodeIgniter.php(824): App\Controllers\HomeController->index()
#10 /var/www/html/system/CodeIgniter.php(410): CodeIgniter\CodeIgniter->runController(Object(App\Controllers\HomeController))
#11 /var/www/html/system/CodeIgniter.php(318): CodeIgniter\CodeIgniter->handleRequest(NULL, Object(Config\Cache), false)
#12 /var/www/html/public/index.php(39): CodeIgniter\CodeIgniter->run()
#13 {main}
CRITICAL - 2021-12-08 11:32:14 --> Uncaught ErrorException: Cannot modify header information - headers already sent by (output started at /var/www/html/public/index.php:3) in /var/www/html/system/Debug/Exceptions.php:107
Stack trace:
#0 [internal function]: CodeIgniter\Debug\Exceptions->errorHandler(2, 'Cannot modify h...', '/var/www/html/s...', 107)
#1 /var/www/html/system/Debug/Exceptions.php(107): header('HTTP/1.1 500 In...', true, 500)
#2 [internal function]: CodeIgniter\Debug\Exceptions->exceptionHandler(Object(ErrorException))
#3 {main}
  thrown
#0 [internal function]: CodeIgniter\Debug\Exceptions->shutdownHandler()
#1 {main}
CRITICAL - 2021-12-08 11:54:47 --> ini_set(): Session ini settings cannot be changed after headers have already been sent
#0 [internal function]: CodeIgniter\Debug\Exceptions->errorHandler(2, 'ini_set(): Sess...', '/var/www/html/s...', 71)
#1 /var/www/html/system/Session/Handlers/FileHandler.php(71): ini_set('session.save_pa...', '/var/www/html/w...')
#2 /var/www/html/system/Config/Services.php(570): CodeIgniter\Session\Handlers\FileHandler->__construct(Object(Config\App), '172.20.0.1')
#3 /var/www/html/system/Config/BaseService.php(248): CodeIgniter\Config\Services::session(Object(Config\App), false)
#4 /var/www/html/system/Config/BaseService.php(189): CodeIgniter\Config\BaseService::__callStatic('session', Array)
#5 /var/www/html/system/Config/Services.php(563): CodeIgniter\Config\BaseService::getSharedInstance('session', NULL)
#6 /var/www/html/system/Config/BaseService.php(248): CodeIgniter\Config\Services::session()
#7 /var/www/html/system/Common.php(909): CodeIgniter\Config\BaseService::__callStatic('session', Array)
#8 /var/www/html/app/Controllers/HomeController.php(9): session()
#9 /var/www/html/system/CodeIgniter.php(824): App\Controllers\HomeController->index()
#10 /var/www/html/system/CodeIgniter.php(410): CodeIgniter\CodeIgniter->runController(Object(App\Controllers\HomeController))
#11 /var/www/html/system/CodeIgniter.php(318): CodeIgniter\CodeIgniter->handleRequest(NULL, Object(Config\Cache), false)
#12 /var/www/html/public/index.php(39): CodeIgniter\CodeIgniter->run()
#13 {main}
CRITICAL - 2021-12-08 11:54:47 --> Uncaught ErrorException: Cannot modify header information - headers already sent by (output started at /var/www/html/public/index.php:3) in /var/www/html/system/Debug/Exceptions.php:107
Stack trace:
#0 [internal function]: CodeIgniter\Debug\Exceptions->errorHandler(2, 'Cannot modify h...', '/var/www/html/s...', 107)
#1 /var/www/html/system/Debug/Exceptions.php(107): header('HTTP/1.1 500 In...', true, 500)
#2 [internal function]: CodeIgniter\Debug\Exceptions->exceptionHandler(Object(ErrorException))
#3 {main}
  thrown
#0 [internal function]: CodeIgniter\Debug\Exceptions->shutdownHandler()
#1 {main}
