CRITICAL - 2022-03-02 07:20:33 --> Object of class CodeIgniter\HTTP\Response could not be converted to string
#0 /var/www/html/system/Database/Query.php(330): strtr('INSERT INTO `lo...', Array)
#1 /var/www/html/system/Database/Query.php(304): CodeIgniter\Database\Query->matchNamedBinds('INSERT INTO `lo...', Array)
#2 /var/www/html/system/Database/Query.php(150): CodeIgniter\Database\Query->compileBinds()
#3 /var/www/html/system/Database/BaseConnection.php(598): CodeIgniter\Database\Query->getQuery()
#4 /var/www/html/system/Database/BaseBuilder.php(1760): CodeIgniter\Database\BaseConnection->query('INSERT INTO `lo...', Array, false)
#5 /var/www/html/system/Model.php(239): CodeIgniter\Database\BaseBuilder->insert()
#6 /var/www/html/system/BaseModel.php(738): CodeIgniter\Model->doInsert(Array)
#7 /var/www/html/system/Model.php(620): CodeIgniter\BaseModel->insert(Array, true)
#8 /var/www/html/app/Libraries/Logging.php(15): CodeIgniter\Model->insert(Array)
#9 /var/www/html/app/Controllers/UserController.php(205): App\Libraries\Logging::logMessage(Object(CodeIgniter\HTTP\Response))
#10 /var/www/html/system/CodeIgniter.php(824): App\Controllers\UserController->operation()
#11 /var/www/html/system/CodeIgniter.php(410): CodeIgniter\CodeIgniter->runController(Object(App\Controllers\UserController))
#12 /var/www/html/system/CodeIgniter.php(318): CodeIgniter\CodeIgniter->handleRequest(NULL, Object(Config\Cache), false)
#13 /var/www/html/public/index.php(38): CodeIgniter\CodeIgniter->run()
#14 {main}
CRITICAL - 2022-03-02 07:23:35 --> json_encode() expects at most 3 parameters, 5 given
#0 [internal function]: CodeIgniter\Debug\Exceptions->errorHandler(2, 'json_encode() e...', '/var/www/html/a...', 205, Array)
#1 /var/www/html/app/Controllers/UserController.php(205): json_encode('drgrgd', '+7-123-456-7890', 'dgvxfvf@sfef', 'OU=Sosiski - \xD0\x9F...', 'server4')
#2 /var/www/html/system/CodeIgniter.php(824): App\Controllers\UserController->operation()
#3 /var/www/html/system/CodeIgniter.php(410): CodeIgniter\CodeIgniter->runController(Object(App\Controllers\UserController))
#4 /var/www/html/system/CodeIgniter.php(318): CodeIgniter\CodeIgniter->handleRequest(NULL, Object(Config\Cache), false)
#5 /var/www/html/public/index.php(38): CodeIgniter\CodeIgniter->run()
#6 {main}
CRITICAL - 2022-03-02 07:37:57 --> 7 : Failed to connect to 10.175.255.30 port 8085: Connection refused
#0 /var/www/html/system/HTTP/CURLRequest.php(656): CodeIgniter\HTTP\Exceptions\HTTPException::forCurlError('7', 'Failed to conne...')
#1 /var/www/html/system/HTTP/CURLRequest.php(364): CodeIgniter\HTTP\CURLRequest->sendRequest(Array)
#2 /var/www/html/system/HTTP/CURLRequest.php(140): CodeIgniter\HTTP\CURLRequest->send('POST', 'http://10.175.2...')
#3 /var/www/html/app/Libraries/LdapChannelLibrary.php(13): CodeIgniter\HTTP\CURLRequest->request('POST', 'http://10.175.2...', Array)
#4 /var/www/html/app/Libraries/LdapChannelLibrary.php(54): App\Libraries\LdapChannelLibrary::curlRequest(Array)
#5 /var/www/html/app/Controllers/UserController.php(203): App\Libraries\LdapChannelLibrary::createUser('fornicator@qwe', '+7-123-456-7890', '999.astaroth.99...', 'OU=Sosiski - \xD0\x9F...', 'server4')
#6 /var/www/html/system/CodeIgniter.php(824): App\Controllers\UserController->operation()
#7 /var/www/html/system/CodeIgniter.php(410): CodeIgniter\CodeIgniter->runController(Object(App\Controllers\UserController))
#8 /var/www/html/system/CodeIgniter.php(318): CodeIgniter\CodeIgniter->handleRequest(NULL, Object(Config\Cache), false)
#9 /var/www/html/public/index.php(38): CodeIgniter\CodeIgniter->run()
#10 {main}
CRITICAL - 2022-03-02 07:38:04 --> 7 : Failed to connect to 10.175.255.30 port 8085: Connection refused
#0 /var/www/html/system/HTTP/CURLRequest.php(656): CodeIgniter\HTTP\Exceptions\HTTPException::forCurlError('7', 'Failed to conne...')
#1 /var/www/html/system/HTTP/CURLRequest.php(364): CodeIgniter\HTTP\CURLRequest->sendRequest(Array)
#2 /var/www/html/system/HTTP/CURLRequest.php(140): CodeIgniter\HTTP\CURLRequest->send('POST', 'http://10.175.2...')
#3 /var/www/html/app/Libraries/LdapChannelLibrary.php(13): CodeIgniter\HTTP\CURLRequest->request('POST', 'http://10.175.2...', Array)
#4 /var/www/html/app/Libraries/LdapChannelLibrary.php(54): App\Libraries\LdapChannelLibrary::curlRequest(Array)
#5 /var/www/html/app/Controllers/UserController.php(203): App\Libraries\LdapChannelLibrary::createUser('fornicator@qwe', '+7-123-456-7890', '999.astaroth.99...', 'OU=Sosiski - \xD0\x9F...', 'server4')
#6 /var/www/html/system/CodeIgniter.php(824): App\Controllers\UserController->operation()
#7 /var/www/html/system/CodeIgniter.php(410): CodeIgniter\CodeIgniter->runController(Object(App\Controllers\UserController))
#8 /var/www/html/system/CodeIgniter.php(318): CodeIgniter\CodeIgniter->handleRequest(NULL, Object(Config\Cache), false)
#9 /var/www/html/public/index.php(38): CodeIgniter\CodeIgniter->run()
#10 {main}
CRITICAL - 2022-03-02 07:39:01 --> 7 : Failed to connect to 10.175.255.30 port 8085: Connection refused
#0 /var/www/html/system/HTTP/CURLRequest.php(656): CodeIgniter\HTTP\Exceptions\HTTPException::forCurlError('7', 'Failed to conne...')
#1 /var/www/html/system/HTTP/CURLRequest.php(364): CodeIgniter\HTTP\CURLRequest->sendRequest(Array)
#2 /var/www/html/system/HTTP/CURLRequest.php(140): CodeIgniter\HTTP\CURLRequest->send('POST', 'http://10.175.2...')
#3 /var/www/html/app/Libraries/LdapChannelLibrary.php(13): CodeIgniter\HTTP\CURLRequest->request('POST', 'http://10.175.2...', Array)
#4 /var/www/html/app/Libraries/LdapChannelLibrary.php(54): App\Libraries\LdapChannelLibrary::curlRequest(Array)
#5 /var/www/html/app/Controllers/UserController.php(203): App\Libraries\LdapChannelLibrary::createUser('fornicator@qwe', '+7-123-456-7890', '999.astaroth.99...', 'OU=Sosiski - \xD0\x9F...', 'server4')
#6 /var/www/html/system/CodeIgniter.php(824): App\Controllers\UserController->operation()
#7 /var/www/html/system/CodeIgniter.php(410): CodeIgniter\CodeIgniter->runController(Object(App\Controllers\UserController))
#8 /var/www/html/system/CodeIgniter.php(318): CodeIgniter\CodeIgniter->handleRequest(NULL, Object(Config\Cache), false)
#9 /var/www/html/public/index.php(38): CodeIgniter\CodeIgniter->run()
#10 {main}
CRITICAL - 2022-03-02 07:44:54 --> json_encode() expects at most 3 parameters, 5 given
#0 [internal function]: CodeIgniter\Debug\Exceptions->errorHandler(2, 'json_encode() e...', '/var/www/html/a...', 47, Array)
#1 /var/www/html/app/Libraries/LdapChannelLibrary.php(47): json_encode('acme13@ya.ru', '+7-123-456-7890', '999.astaroth.99...', 'OU=Sosiski - \xD0\x9F...', 'server4')
#2 /var/www/html/app/Controllers/UserController.php(203): App\Libraries\LdapChannelLibrary::createUser('acme13@ya.ru', '+7-123-456-7890', '999.astaroth.99...', 'OU=Sosiski - \xD0\x9F...', 'server4')
#3 /var/www/html/system/CodeIgniter.php(824): App\Controllers\UserController->operation()
#4 /var/www/html/system/CodeIgniter.php(410): CodeIgniter\CodeIgniter->runController(Object(App\Controllers\UserController))
#5 /var/www/html/system/CodeIgniter.php(318): CodeIgniter\CodeIgniter->handleRequest(NULL, Object(Config\Cache), false)
#6 /var/www/html/public/index.php(38): CodeIgniter\CodeIgniter->run()
#7 {main}
