CRITICAL - 2022-02-18 02:26:58 --> 7 : Failed to connect to 10.175.255.30 port 8085: Connection refused
#0 /var/www/html/system/HTTP/CURLRequest.php(656): CodeIgniter\HTTP\Exceptions\HTTPException::forCurlError('7', 'Failed to conne...')
#1 /var/www/html/system/HTTP/CURLRequest.php(364): CodeIgniter\HTTP\CURLRequest->sendRequest(Array)
#2 /var/www/html/system/HTTP/CURLRequest.php(140): CodeIgniter\HTTP\CURLRequest->send('POST', 'http://10.175.2...')
#3 /var/www/html/app/Libraries/LdapChannelLibrary.php(12): CodeIgniter\HTTP\CURLRequest->request('POST', 'http://10.175.2...', Array)
#4 /var/www/html/app/Libraries/LdapChannelLibrary.php(47): App\Libraries\LdapChannelLibrary::curlRequest(Array)
#5 /var/www/html/app/Controllers/UserController.php(165): App\Libraries\LdapChannelLibrary::createUser('\xD1\x83\xD0\xBA\xD0\xBF\xD0\xBF\xD0\xBA\xD0\xB2\xD1\x83\xD0...', '+7-123-456-7890', 'sdfs@sdvgsdf', 'OU=\xD0\xBA\xD0\xBE\xD0\xB7\xD0\xB08 - ...', 'test.lab')
#6 /var/www/html/system/CodeIgniter.php(824): App\Controllers\UserController->operation()
#7 /var/www/html/system/CodeIgniter.php(410): CodeIgniter\CodeIgniter->runController(Object(App\Controllers\UserController))
#8 /var/www/html/system/CodeIgniter.php(318): CodeIgniter\CodeIgniter->handleRequest(NULL, Object(Config\Cache), false)
#9 /var/www/html/public/index.php(38): CodeIgniter\CodeIgniter->run()
#10 {main}
CRITICAL - 2022-02-18 04:03:16 --> 7 : Failed to connect to 10.175.255.30 port 8085: Connection refused
#0 /var/www/html/system/HTTP/CURLRequest.php(656): CodeIgniter\HTTP\Exceptions\HTTPException::forCurlError('7', 'Failed to conne...')
#1 /var/www/html/system/HTTP/CURLRequest.php(364): CodeIgniter\HTTP\CURLRequest->sendRequest(Array)
#2 /var/www/html/system/HTTP/CURLRequest.php(140): CodeIgniter\HTTP\CURLRequest->send('POST', 'http://10.175.2...')
#3 /var/www/html/app/Libraries/LdapChannelLibrary.php(12): CodeIgniter\HTTP\CURLRequest->request('POST', 'http://10.175.2...', Array)
#4 /var/www/html/app/Libraries/LdapChannelLibrary.php(47): App\Libraries\LdapChannelLibrary::curlRequest(Array)
#5 /var/www/html/app/Controllers/UserController.php(165): App\Libraries\LdapChannelLibrary::createUser('\xD1\x83\xD0\xBA\xD0\xBF\xD0\xBF\xD0\xBA\xD0\xB2\xD1\x83\xD0...', '+7-123-456-7890', 'sdfs@sdvgsdf', 'OU=\xD0\xBA\xD0\xBE\xD0\xB7\xD0\xB08 - ...', 'test.lab')
#6 /var/www/html/system/CodeIgniter.php(824): App\Controllers\UserController->operation()
#7 /var/www/html/system/CodeIgniter.php(410): CodeIgniter\CodeIgniter->runController(Object(App\Controllers\UserController))
#8 /var/www/html/system/CodeIgniter.php(318): CodeIgniter\CodeIgniter->handleRequest(NULL, Object(Config\Cache), false)
#9 /var/www/html/public/index.php(38): CodeIgniter\CodeIgniter->run()
#10 {main}
CRITICAL - 2022-02-18 04:15:28 --> json_decode() expects parameter 1 to be string, object given
#0 [internal function]: CodeIgniter\Debug\Exceptions->errorHandler(2, 'json_decode() e...', '/var/www/html/a...', 169, Array)
#1 /var/www/html/app/Controllers/UserController.php(169): json_decode(Object(CodeIgniter\HTTP\Response))
#2 /var/www/html/system/CodeIgniter.php(824): App\Controllers\UserController->operation()
#3 /var/www/html/system/CodeIgniter.php(410): CodeIgniter\CodeIgniter->runController(Object(App\Controllers\UserController))
#4 /var/www/html/system/CodeIgniter.php(318): CodeIgniter\CodeIgniter->handleRequest(NULL, Object(Config\Cache), false)
#5 /var/www/html/public/index.php(38): CodeIgniter\CodeIgniter->run()
#6 {main}
CRITICAL - 2022-02-18 05:32:21 --> syntax error, unexpected ';', expecting ')'
#0 /var/www/html/system/Autoloader/Autoloader.php(241): CodeIgniter\Autoloader\Autoloader->includeFile('/var/www/html/a...')
#1 /var/www/html/system/Autoloader/Autoloader.php(219): CodeIgniter\Autoloader\Autoloader->loadInNamespace('App\\Controllers...')
#2 [internal function]: CodeIgniter\Autoloader\Autoloader->loadClass('App\\Controllers...')
#3 [internal function]: spl_autoload_call('App\\Controllers...')
#4 /var/www/html/system/CodeIgniter.php(789): class_exists('\\App\\Controller...', true)
#5 /var/www/html/system/CodeIgniter.php(397): CodeIgniter\CodeIgniter->startController()
#6 /var/www/html/system/CodeIgniter.php(318): CodeIgniter\CodeIgniter->handleRequest(NULL, Object(Config\Cache), false)
#7 /var/www/html/public/index.php(38): CodeIgniter\CodeIgniter->run()
#8 {main}
CRITICAL - 2022-02-18 05:35:03 --> Call to a member function where() on null
#0 /var/www/html/system/CodeIgniter.php(824): App\Controllers\GroupPolicyController->operation()
#1 /var/www/html/system/CodeIgniter.php(410): CodeIgniter\CodeIgniter->runController(Object(App\Controllers\GroupPolicyController))
#2 /var/www/html/system/CodeIgniter.php(318): CodeIgniter\CodeIgniter->handleRequest(NULL, Object(Config\Cache), false)
#3 /var/www/html/public/index.php(38): CodeIgniter\CodeIgniter->run()
#4 {main}
CRITICAL - 2022-02-18 05:39:43 --> Call to a member function where() on null
#0 /var/www/html/system/CodeIgniter.php(824): App\Controllers\GroupPolicyController->operation()
#1 /var/www/html/system/CodeIgniter.php(410): CodeIgniter\CodeIgniter->runController(Object(App\Controllers\GroupPolicyController))
#2 /var/www/html/system/CodeIgniter.php(318): CodeIgniter\CodeIgniter->handleRequest(NULL, Object(Config\Cache), false)
#3 /var/www/html/public/index.php(38): CodeIgniter\CodeIgniter->run()
#4 {main}
CRITICAL - 2022-02-18 05:57:20 --> Class 'App\Controllers\LdapChannelLibrary' not found
#0 /var/www/html/system/CodeIgniter.php(824): App\Controllers\GroupPolicyController->operation()
#1 /var/www/html/system/CodeIgniter.php(410): CodeIgniter\CodeIgniter->runController(Object(App\Controllers\GroupPolicyController))
#2 /var/www/html/system/CodeIgniter.php(318): CodeIgniter\CodeIgniter->handleRequest(NULL, Object(Config\Cache), false)
#3 /var/www/html/public/index.php(38): CodeIgniter\CodeIgniter->run()
#4 {main}
CRITICAL - 2022-02-18 05:58:03 --> Class 'App\Controllers\LdapChannelLibrary' not found
#0 /var/www/html/system/CodeIgniter.php(824): App\Controllers\GroupPolicyController->operation()
#1 /var/www/html/system/CodeIgniter.php(410): CodeIgniter\CodeIgniter->runController(Object(App\Controllers\GroupPolicyController))
#2 /var/www/html/system/CodeIgniter.php(318): CodeIgniter\CodeIgniter->handleRequest(NULL, Object(Config\Cache), false)
#3 /var/www/html/public/index.php(38): CodeIgniter\CodeIgniter->run()
#4 {main}
CRITICAL - 2022-02-18 05:58:41 --> Class 'App\Controllers\LdapChannelLibrary' not found
#0 /var/www/html/system/CodeIgniter.php(824): App\Controllers\GroupPolicyController->operation()
#1 /var/www/html/system/CodeIgniter.php(410): CodeIgniter\CodeIgniter->runController(Object(App\Controllers\GroupPolicyController))
#2 /var/www/html/system/CodeIgniter.php(318): CodeIgniter\CodeIgniter->handleRequest(NULL, Object(Config\Cache), false)
#3 /var/www/html/public/index.php(38): CodeIgniter\CodeIgniter->run()
#4 {main}
CRITICAL - 2022-02-18 06:01:24 --> Class 'App\Controllers\LdapChannelLibrary' not found
#0 /var/www/html/system/CodeIgniter.php(824): App\Controllers\GroupPolicyController->operation()
#1 /var/www/html/system/CodeIgniter.php(410): CodeIgniter\CodeIgniter->runController(Object(App\Controllers\GroupPolicyController))
#2 /var/www/html/system/CodeIgniter.php(318): CodeIgniter\CodeIgniter->handleRequest(NULL, Object(Config\Cache), false)
#3 /var/www/html/public/index.php(38): CodeIgniter\CodeIgniter->run()
#4 {main}
CRITICAL - 2022-02-18 08:35:19 --> Call to a member function first() on null
#0 /var/www/html/system/CodeIgniter.php(824): App\Controllers\UserGPOController->bindGPtoUser()
#1 /var/www/html/system/CodeIgniter.php(410): CodeIgniter\CodeIgniter->runController(Object(App\Controllers\UserGPOController))
#2 /var/www/html/system/CodeIgniter.php(318): CodeIgniter\CodeIgniter->handleRequest(NULL, Object(Config\Cache), false)
#3 /var/www/html/public/index.php(38): CodeIgniter\CodeIgniter->run()
#4 {main}
CRITICAL - 2022-02-18 08:36:31 --> Call to a member function first() on null
#0 /var/www/html/system/CodeIgniter.php(824): App\Controllers\UserGPOController->bindGPtoUser()
#1 /var/www/html/system/CodeIgniter.php(410): CodeIgniter\CodeIgniter->runController(Object(App\Controllers\UserGPOController))
#2 /var/www/html/system/CodeIgniter.php(318): CodeIgniter\CodeIgniter->handleRequest(NULL, Object(Config\Cache), false)
#3 /var/www/html/public/index.php(38): CodeIgniter\CodeIgniter->run()
#4 {main}
